[INFO  - 2017-05-23T08:06:14.138Z] GhostDriver - Main - running on port 8033
[INFO  - 2017-05-23T08:06:14.666Z] Session [b1102260-3f8e-11e7-82ea-31b2068f80f9] - page.settings - {"XSSAuditingEnabled":false,"javascriptCanCloseWindows":true,"javascriptCanOpenWindows":true,"javascriptEnabled":true,"loadImages":true,"localToRemoteUrlAccessEnabled":false,"userAgent":"Mozilla/5.0 (Windows NT 6.2; WOW64) AppleWebKit/538.1 (KHTML, like Gecko) PhantomJS/2.1.1 Safari/538.1","webSecurityEnabled":true}
[INFO  - 2017-05-23T08:06:14.666Z] Session [b1102260-3f8e-11e7-82ea-31b2068f80f9] - page.customHeaders:  - {}
[INFO  - 2017-05-23T08:06:14.667Z] Session [b1102260-3f8e-11e7-82ea-31b2068f80f9] - Session.negotiatedCapabilities - {"browserName":"phantomjs","version":"2.1.1","driverName":"ghostdriver","driverVersion":"1.2.0","platform":"windows-10-32bit","javascriptEnabled":true,"takesScreenshot":true,"handlesAlerts":false,"databaseEnabled":false,"locationContextEnabled":false,"applicationCacheEnabled":false,"browserConnectionEnabled":false,"cssSelectorsEnabled":true,"webStorageEnabled":false,"rotatable":false,"acceptSslCerts":false,"nativeEvents":true,"proxy":{"proxyType":"direct"}}
[INFO  - 2017-05-23T08:06:14.667Z] SessionManagerReqHand - _postNewSessionCommand - New Session Created: b1102260-3f8e-11e7-82ea-31b2068f80f9
[ERROR - 2017-05-23T08:06:15.888Z] WebElementLocator - _handleLocateCommand - Element(s) NOT Found: GAVE UP. Search Stop Time: 1495526775878
[ERROR - 2017-05-23T08:06:16.793Z] WebElementLocator - _handleLocateCommand - Element(s) NOT Found: GAVE UP. Search Stop Time: 1495526776735
[ERROR - 2017-05-23T08:06:17.668Z] WebElementLocator - _handleLocateCommand - Element(s) NOT Found: GAVE UP. Search Stop Time: 1495526777621
[ERROR - 2017-05-23T08:06:18.489Z] WebElementLocator - _handleLocateCommand - Element(s) NOT Found: GAVE UP. Search Stop Time: 1495526778480
[ERROR - 2017-05-23T08:06:19.428Z] WebElementLocator - _handleLocateCommand - Element(s) NOT Found: GAVE UP. Search Stop Time: 1495526779370
[ERROR - 2017-05-23T08:06:20.334Z] WebElementLocator - _handleLocateCommand - Element(s) NOT Found: GAVE UP. Search Stop Time: 1495526780270
[ERROR - 2017-05-23T08:06:21.193Z] WebElementLocator - _handleLocateCommand - Element(s) NOT Found: GAVE UP. Search Stop Time: 1495526781185
[INFO  - 2017-05-23T08:06:21.356Z] ShutdownReqHand - _handle - About to shutdown
[INFO  - 2017-05-24T00:49:53.960Z] GhostDriver - Main - running on port 17115
[INFO  - 2017-05-24T00:49:54.154Z] Session [e6ac0510-401a-11e7-a65b-5dce09a961af] - page.settings - {"XSSAuditingEnabled":false,"javascriptCanCloseWindows":true,"javascriptCanOpenWindows":true,"javascriptEnabled":true,"loadImages":true,"localToRemoteUrlAccessEnabled":false,"userAgent":"Mozilla/5.0 (Windows NT 6.2; WOW64) AppleWebKit/538.1 (KHTML, like Gecko) PhantomJS/2.1.1 Safari/538.1","webSecurityEnabled":true}
[INFO  - 2017-05-24T00:49:54.154Z] Session [e6ac0510-401a-11e7-a65b-5dce09a961af] - page.customHeaders:  - {}
[INFO  - 2017-05-24T00:49:54.154Z] Session [e6ac0510-401a-11e7-a65b-5dce09a961af] - Session.negotiatedCapabilities - {"browserName":"phantomjs","version":"2.1.1","driverName":"ghostdriver","driverVersion":"1.2.0","platform":"windows-10-32bit","javascriptEnabled":true,"takesScreenshot":true,"handlesAlerts":false,"databaseEnabled":false,"locationContextEnabled":false,"applicationCacheEnabled":false,"browserConnectionEnabled":false,"cssSelectorsEnabled":true,"webStorageEnabled":false,"rotatable":false,"acceptSslCerts":false,"nativeEvents":true,"proxy":{"proxyType":"direct"}}
[INFO  - 2017-05-24T00:49:54.154Z] SessionManagerReqHand - _postNewSessionCommand - New Session Created: e6ac0510-401a-11e7-a65b-5dce09a961af
[ERROR - 2017-05-24T00:49:54.754Z] WebElementLocator - _handleLocateCommand - Element(s) NOT Found: GAVE UP. Search Stop Time: 1495586994745
[ERROR - 2017-05-24T00:49:55.689Z] WebElementLocator - _handleLocateCommand - Element(s) NOT Found: GAVE UP. Search Stop Time: 1495586995624
[ERROR - 2017-05-24T00:49:56.538Z] WebElementLocator - _handleLocateCommand - Element(s) NOT Found: GAVE UP. Search Stop Time: 1495586996532
[ERROR - 2017-05-24T00:49:57.497Z] WebElementLocator - _handleLocateCommand - Element(s) NOT Found: GAVE UP. Search Stop Time: 1495586997446
[ERROR - 2017-05-24T00:49:58.405Z] WebElementLocator - _handleLocateCommand - Element(s) NOT Found: GAVE UP. Search Stop Time: 1495586998345
[ERROR - 2017-05-24T00:49:59.278Z] WebElementLocator - _handleLocateCommand - Element(s) NOT Found: GAVE UP. Search Stop Time: 1495586999228
[ERROR - 2017-05-24T00:50:00.194Z] WebElementLocator - _handleLocateCommand - Element(s) NOT Found: GAVE UP. Search Stop Time: 1495587000137
[INFO  - 2017-05-24T00:50:00.410Z] ShutdownReqHand - _handle - About to shutdown
[INFO  - 2017-05-24T00:57:29.064Z] GhostDriver - Main - running on port 39336
[INFO  - 2017-05-24T00:57:29.704Z] Session [f633e420-401b-11e7-bb04-f76ec4a689f7] - page.settings - {"XSSAuditingEnabled":false,"javascriptCanCloseWindows":true,"javascriptCanOpenWindows":true,"javascriptEnabled":true,"loadImages":true,"localToRemoteUrlAccessEnabled":false,"userAgent":"Mozilla/5.0 (Windows NT 6.2; WOW64) AppleWebKit/538.1 (KHTML, like Gecko) PhantomJS/2.1.1 Safari/538.1","webSecurityEnabled":true}
[INFO  - 2017-05-24T00:57:29.704Z] Session [f633e420-401b-11e7-bb04-f76ec4a689f7] - page.customHeaders:  - {}
[INFO  - 2017-05-24T00:57:29.705Z] Session [f633e420-401b-11e7-bb04-f76ec4a689f7] - Session.negotiatedCapabilities - {"browserName":"phantomjs","version":"2.1.1","driverName":"ghostdriver","driverVersion":"1.2.0","platform":"windows-10-32bit","javascriptEnabled":true,"takesScreenshot":true,"handlesAlerts":false,"databaseEnabled":false,"locationContextEnabled":false,"applicationCacheEnabled":false,"browserConnectionEnabled":false,"cssSelectorsEnabled":true,"webStorageEnabled":false,"rotatable":false,"acceptSslCerts":false,"nativeEvents":true,"proxy":{"proxyType":"direct"}}
[INFO  - 2017-05-24T00:57:29.705Z] SessionManagerReqHand - _postNewSessionCommand - New Session Created: f633e420-401b-11e7-bb04-f76ec4a689f7
[INFO  - 2017-05-24T00:57:30.558Z] ShutdownReqHand - _handle - About to shutdown
[INFO  - 2017-05-24T00:58:11.382Z] GhostDriver - Main - running on port 7267
[INFO  - 2017-05-24T00:58:12.087Z] Session [0f772d20-401c-11e7-b042-4b2112ac30c1] - page.settings - {"XSSAuditingEnabled":false,"javascriptCanCloseWindows":true,"javascriptCanOpenWindows":true,"javascriptEnabled":true,"loadImages":true,"localToRemoteUrlAccessEnabled":false,"userAgent":"Mozilla/5.0 (Windows NT 6.2; WOW64) AppleWebKit/538.1 (KHTML, like Gecko) PhantomJS/2.1.1 Safari/538.1","webSecurityEnabled":true}
[INFO  - 2017-05-24T00:58:12.087Z] Session [0f772d20-401c-11e7-b042-4b2112ac30c1] - page.customHeaders:  - {}
[INFO  - 2017-05-24T00:58:12.087Z] Session [0f772d20-401c-11e7-b042-4b2112ac30c1] - Session.negotiatedCapabilities - {"browserName":"phantomjs","version":"2.1.1","driverName":"ghostdriver","driverVersion":"1.2.0","platform":"windows-10-32bit","javascriptEnabled":true,"takesScreenshot":true,"handlesAlerts":false,"databaseEnabled":false,"locationContextEnabled":false,"applicationCacheEnabled":false,"browserConnectionEnabled":false,"cssSelectorsEnabled":true,"webStorageEnabled":false,"rotatable":false,"acceptSslCerts":false,"nativeEvents":true,"proxy":{"proxyType":"direct"}}
[INFO  - 2017-05-24T00:58:12.088Z] SessionManagerReqHand - _postNewSessionCommand - New Session Created: 0f772d20-401c-11e7-b042-4b2112ac30c1
[INFO  - 2017-05-24T00:58:13.472Z] ShutdownReqHand - _handle - About to shutdown
[INFO  - 2017-05-24T00:59:07.499Z] GhostDriver - Main - running on port 21482
[INFO  - 2017-05-24T00:59:08.246Z] Session [30f05c10-401c-11e7-98c9-4b66f29f089f] - page.settings - {"XSSAuditingEnabled":false,"javascriptCanCloseWindows":true,"javascriptCanOpenWindows":true,"javascriptEnabled":true,"loadImages":true,"localToRemoteUrlAccessEnabled":false,"userAgent":"Mozilla/5.0 (Windows NT 6.2; WOW64) AppleWebKit/538.1 (KHTML, like Gecko) PhantomJS/2.1.1 Safari/538.1","webSecurityEnabled":true}
[INFO  - 2017-05-24T00:59:08.246Z] Session [30f05c10-401c-11e7-98c9-4b66f29f089f] - page.customHeaders:  - {}
[INFO  - 2017-05-24T00:59:08.246Z] Session [30f05c10-401c-11e7-98c9-4b66f29f089f] - Session.negotiatedCapabilities - {"browserName":"phantomjs","version":"2.1.1","driverName":"ghostdriver","driverVersion":"1.2.0","platform":"windows-10-32bit","javascriptEnabled":true,"takesScreenshot":true,"handlesAlerts":false,"databaseEnabled":false,"locationContextEnabled":false,"applicationCacheEnabled":false,"browserConnectionEnabled":false,"cssSelectorsEnabled":true,"webStorageEnabled":false,"rotatable":false,"acceptSslCerts":false,"nativeEvents":true,"proxy":{"proxyType":"direct"}}
[INFO  - 2017-05-24T00:59:08.246Z] SessionManagerReqHand - _postNewSessionCommand - New Session Created: 30f05c10-401c-11e7-98c9-4b66f29f089f
[INFO  - 2017-05-24T00:59:09.047Z] ShutdownReqHand - _handle - About to shutdown
[INFO  - 2017-05-24T03:07:59.719Z] GhostDriver - Main - running on port 10968
[INFO  - 2017-05-24T03:08:00.032Z] Session [31716dc0-402e-11e7-800b-332e0970e223] - page.settings - {"XSSAuditingEnabled":false,"javascriptCanCloseWindows":true,"javascriptCanOpenWindows":true,"javascriptEnabled":true,"loadImages":true,"localToRemoteUrlAccessEnabled":false,"userAgent":"Mozilla/5.0 (Windows NT 6.2; WOW64) AppleWebKit/538.1 (KHTML, like Gecko) PhantomJS/2.1.1 Safari/538.1","webSecurityEnabled":true}
[INFO  - 2017-05-24T03:08:00.032Z] Session [31716dc0-402e-11e7-800b-332e0970e223] - page.customHeaders:  - {}
[INFO  - 2017-05-24T03:08:00.032Z] Session [31716dc0-402e-11e7-800b-332e0970e223] - Session.negotiatedCapabilities - {"browserName":"phantomjs","version":"2.1.1","driverName":"ghostdriver","driverVersion":"1.2.0","platform":"windows-10-32bit","javascriptEnabled":true,"takesScreenshot":true,"handlesAlerts":false,"databaseEnabled":false,"locationContextEnabled":false,"applicationCacheEnabled":false,"browserConnectionEnabled":false,"cssSelectorsEnabled":true,"webStorageEnabled":false,"rotatable":false,"acceptSslCerts":false,"nativeEvents":true,"proxy":{"proxyType":"direct"}}
[INFO  - 2017-05-24T03:08:00.032Z] SessionManagerReqHand - _postNewSessionCommand - New Session Created: 31716dc0-402e-11e7-800b-332e0970e223
[INFO  - 2017-05-24T03:08:01.177Z] ShutdownReqHand - _handle - About to shutdown
[INFO  - 2017-05-24T03:29:17.728Z] GhostDriver - Main - running on port 8492
[INFO  - 2017-05-24T03:29:18.465Z] Session [2b72abc0-4031-11e7-bee6-85a37084d928] - page.settings - {"XSSAuditingEnabled":false,"javascriptCanCloseWindows":true,"javascriptCanOpenWindows":true,"javascriptEnabled":true,"loadImages":true,"localToRemoteUrlAccessEnabled":false,"userAgent":"Mozilla/5.0 (Windows NT 6.2; WOW64) AppleWebKit/538.1 (KHTML, like Gecko) PhantomJS/2.1.1 Safari/538.1","webSecurityEnabled":true}
[INFO  - 2017-05-24T03:29:18.466Z] Session [2b72abc0-4031-11e7-bee6-85a37084d928] - page.customHeaders:  - {}
[INFO  - 2017-05-24T03:29:18.466Z] Session [2b72abc0-4031-11e7-bee6-85a37084d928] - Session.negotiatedCapabilities - {"browserName":"phantomjs","version":"2.1.1","driverName":"ghostdriver","driverVersion":"1.2.0","platform":"windows-10-32bit","javascriptEnabled":true,"takesScreenshot":true,"handlesAlerts":false,"databaseEnabled":false,"locationContextEnabled":false,"applicationCacheEnabled":false,"browserConnectionEnabled":false,"cssSelectorsEnabled":true,"webStorageEnabled":false,"rotatable":false,"acceptSslCerts":false,"nativeEvents":true,"proxy":{"proxyType":"direct"}}
[INFO  - 2017-05-24T03:29:18.466Z] SessionManagerReqHand - _postNewSessionCommand - New Session Created: 2b72abc0-4031-11e7-bee6-85a37084d928
[INFO  - 2017-05-24T03:29:20.208Z] ShutdownReqHand - _handle - About to shutdown
[INFO  - 2017-05-24T06:19:47.280Z] GhostDriver - Main - running on port 7813
[INFO  - 2017-05-24T06:19:47.468Z] Session [fc68d080-4048-11e7-8b5f-8b87d26bd172] - page.settings - {"XSSAuditingEnabled":false,"javascriptCanCloseWindows":true,"javascriptCanOpenWindows":true,"javascriptEnabled":true,"loadImages":true,"localToRemoteUrlAccessEnabled":false,"userAgent":"Mozilla/5.0 (Windows NT 6.2; WOW64) AppleWebKit/538.1 (KHTML, like Gecko) PhantomJS/2.1.1 Safari/538.1","webSecurityEnabled":true}
[INFO  - 2017-05-24T06:19:47.468Z] Session [fc68d080-4048-11e7-8b5f-8b87d26bd172] - page.customHeaders:  - {}
[INFO  - 2017-05-24T06:19:47.468Z] Session [fc68d080-4048-11e7-8b5f-8b87d26bd172] - Session.negotiatedCapabilities - {"browserName":"phantomjs","version":"2.1.1","driverName":"ghostdriver","driverVersion":"1.2.0","platform":"windows-10-32bit","javascriptEnabled":true,"takesScreenshot":true,"handlesAlerts":false,"databaseEnabled":false,"locationContextEnabled":false,"applicationCacheEnabled":false,"browserConnectionEnabled":false,"cssSelectorsEnabled":true,"webStorageEnabled":false,"rotatable":false,"acceptSslCerts":false,"nativeEvents":true,"proxy":{"proxyType":"direct"}}
[INFO  - 2017-05-24T06:19:47.468Z] SessionManagerReqHand - _postNewSessionCommand - New Session Created: fc68d080-4048-11e7-8b5f-8b87d26bd172
[ERROR - 2017-05-24T06:19:48.679Z] WebElementLocator - _handleLocateCommand - Element(s) NOT Found: GAVE UP. Search Stop Time: 1495606788627
[INFO  - 2017-05-24T06:19:49.251Z] ShutdownReqHand - _handle - About to shutdown
[INFO  - 2017-05-24T06:20:03.793Z] GhostDriver - Main - running on port 24686
[INFO  - 2017-05-24T06:20:04.517Z] Session [06922200-4049-11e7-9e95-73cf29921e21] - page.settings - {"XSSAuditingEnabled":false,"javascriptCanCloseWindows":true,"javascriptCanOpenWindows":true,"javascriptEnabled":true,"loadImages":true,"localToRemoteUrlAccessEnabled":false,"userAgent":"Mozilla/5.0 (Windows NT 6.2; WOW64) AppleWebKit/538.1 (KHTML, like Gecko) PhantomJS/2.1.1 Safari/538.1","webSecurityEnabled":true}
[INFO  - 2017-05-24T06:20:04.517Z] Session [06922200-4049-11e7-9e95-73cf29921e21] - page.customHeaders:  - {}
[INFO  - 2017-05-24T06:20:04.517Z] Session [06922200-4049-11e7-9e95-73cf29921e21] - Session.negotiatedCapabilities - {"browserName":"phantomjs","version":"2.1.1","driverName":"ghostdriver","driverVersion":"1.2.0","platform":"windows-10-32bit","javascriptEnabled":true,"takesScreenshot":true,"handlesAlerts":false,"databaseEnabled":false,"locationContextEnabled":false,"applicationCacheEnabled":false,"browserConnectionEnabled":false,"cssSelectorsEnabled":true,"webStorageEnabled":false,"rotatable":false,"acceptSslCerts":false,"nativeEvents":true,"proxy":{"proxyType":"direct"}}
[INFO  - 2017-05-24T06:20:04.517Z] SessionManagerReqHand - _postNewSessionCommand - New Session Created: 06922200-4049-11e7-9e95-73cf29921e21
[ERROR - 2017-05-24T06:20:05.530Z] WebElementLocator - _handleLocateCommand - Element(s) NOT Found: GAVE UP. Search Stop Time: 1495606805486
[INFO  - 2017-05-24T06:20:06.068Z] ShutdownReqHand - _handle - About to shutdown
[INFO  - 2017-05-24T06:21:02.731Z] GhostDriver - Main - running on port 44004
[INFO  - 2017-05-24T06:21:03.450Z] Session [29b2bf60-4049-11e7-ae91-e9b68f6f36aa] - page.settings - {"XSSAuditingEnabled":false,"javascriptCanCloseWindows":true,"javascriptCanOpenWindows":true,"javascriptEnabled":true,"loadImages":true,"localToRemoteUrlAccessEnabled":false,"userAgent":"Mozilla/5.0 (Windows NT 6.2; WOW64) AppleWebKit/538.1 (KHTML, like Gecko) PhantomJS/2.1.1 Safari/538.1","webSecurityEnabled":true}
[INFO  - 2017-05-24T06:21:03.451Z] Session [29b2bf60-4049-11e7-ae91-e9b68f6f36aa] - page.customHeaders:  - {}
[INFO  - 2017-05-24T06:21:03.451Z] Session [29b2bf60-4049-11e7-ae91-e9b68f6f36aa] - Session.negotiatedCapabilities - {"browserName":"phantomjs","version":"2.1.1","driverName":"ghostdriver","driverVersion":"1.2.0","platform":"windows-10-32bit","javascriptEnabled":true,"takesScreenshot":true,"handlesAlerts":false,"databaseEnabled":false,"locationContextEnabled":false,"applicationCacheEnabled":false,"browserConnectionEnabled":false,"cssSelectorsEnabled":true,"webStorageEnabled":false,"rotatable":false,"acceptSslCerts":false,"nativeEvents":true,"proxy":{"proxyType":"direct"}}
[INFO  - 2017-05-24T06:21:03.451Z] SessionManagerReqHand - _postNewSessionCommand - New Session Created: 29b2bf60-4049-11e7-ae91-e9b68f6f36aa
[ERROR - 2017-05-24T06:21:04.692Z] WebElementLocator - _handleLocateCommand - Element(s) NOT Found: GAVE UP. Search Stop Time: 1495606864653
[INFO  - 2017-05-24T06:21:05.217Z] ShutdownReqHand - _handle - About to shutdown
[INFO  - 2017-05-24T06:22:50.166Z] GhostDriver - Main - running on port 10637
[INFO  - 2017-05-24T06:22:50.907Z] Session [69bf6270-4049-11e7-b64c-f78295f0a0f7] - page.settings - {"XSSAuditingEnabled":false,"javascriptCanCloseWindows":true,"javascriptCanOpenWindows":true,"javascriptEnabled":true,"loadImages":true,"localToRemoteUrlAccessEnabled":false,"userAgent":"Mozilla/5.0 (Windows NT 6.2; WOW64) AppleWebKit/538.1 (KHTML, like Gecko) PhantomJS/2.1.1 Safari/538.1","webSecurityEnabled":true}
[INFO  - 2017-05-24T06:22:50.907Z] Session [69bf6270-4049-11e7-b64c-f78295f0a0f7] - page.customHeaders:  - {}
[INFO  - 2017-05-24T06:22:50.907Z] Session [69bf6270-4049-11e7-b64c-f78295f0a0f7] - Session.negotiatedCapabilities - {"browserName":"phantomjs","version":"2.1.1","driverName":"ghostdriver","driverVersion":"1.2.0","platform":"windows-10-32bit","javascriptEnabled":true,"takesScreenshot":true,"handlesAlerts":false,"databaseEnabled":false,"locationContextEnabled":false,"applicationCacheEnabled":false,"browserConnectionEnabled":false,"cssSelectorsEnabled":true,"webStorageEnabled":false,"rotatable":false,"acceptSslCerts":false,"nativeEvents":true,"proxy":{"proxyType":"direct"}}
[INFO  - 2017-05-24T06:22:50.908Z] SessionManagerReqHand - _postNewSessionCommand - New Session Created: 69bf6270-4049-11e7-b64c-f78295f0a0f7
[INFO  - 2017-05-24T06:22:52.025Z] ShutdownReqHand - _handle - About to shutdown
[INFO  - 2017-05-24T06:23:21.291Z] GhostDriver - Main - running on port 23576
[INFO  - 2017-05-24T06:23:22.038Z] Session [7c4d9920-4049-11e7-b6a0-3d5a2c0810e0] - page.settings - {"XSSAuditingEnabled":false,"javascriptCanCloseWindows":true,"javascriptCanOpenWindows":true,"javascriptEnabled":true,"loadImages":true,"localToRemoteUrlAccessEnabled":false,"userAgent":"Mozilla/5.0 (Windows NT 6.2; WOW64) AppleWebKit/538.1 (KHTML, like Gecko) PhantomJS/2.1.1 Safari/538.1","webSecurityEnabled":true}
[INFO  - 2017-05-24T06:23:22.038Z] Session [7c4d9920-4049-11e7-b6a0-3d5a2c0810e0] - page.customHeaders:  - {}
[INFO  - 2017-05-24T06:23:22.038Z] Session [7c4d9920-4049-11e7-b6a0-3d5a2c0810e0] - Session.negotiatedCapabilities - {"browserName":"phantomjs","version":"2.1.1","driverName":"ghostdriver","driverVersion":"1.2.0","platform":"windows-10-32bit","javascriptEnabled":true,"takesScreenshot":true,"handlesAlerts":false,"databaseEnabled":false,"locationContextEnabled":false,"applicationCacheEnabled":false,"browserConnectionEnabled":false,"cssSelectorsEnabled":true,"webStorageEnabled":false,"rotatable":false,"acceptSslCerts":false,"nativeEvents":true,"proxy":{"proxyType":"direct"}}
[INFO  - 2017-05-24T06:23:22.039Z] SessionManagerReqHand - _postNewSessionCommand - New Session Created: 7c4d9920-4049-11e7-b6a0-3d5a2c0810e0
[INFO  - 2017-05-24T06:23:22.985Z] ShutdownReqHand - _handle - About to shutdown
[INFO  - 2017-05-24T06:24:32.404Z] GhostDriver - Main - running on port 11349
[INFO  - 2017-05-24T06:24:33.129Z] Session [a6ad1240-4049-11e7-b4a5-d32e8f83f476] - page.settings - {"XSSAuditingEnabled":false,"javascriptCanCloseWindows":true,"javascriptCanOpenWindows":true,"javascriptEnabled":true,"loadImages":true,"localToRemoteUrlAccessEnabled":false,"userAgent":"Mozilla/5.0 (Windows NT 6.2; WOW64) AppleWebKit/538.1 (KHTML, like Gecko) PhantomJS/2.1.1 Safari/538.1","webSecurityEnabled":true}
[INFO  - 2017-05-24T06:24:33.129Z] Session [a6ad1240-4049-11e7-b4a5-d32e8f83f476] - page.customHeaders:  - {}
[INFO  - 2017-05-24T06:24:33.129Z] Session [a6ad1240-4049-11e7-b4a5-d32e8f83f476] - Session.negotiatedCapabilities - {"browserName":"phantomjs","version":"2.1.1","driverName":"ghostdriver","driverVersion":"1.2.0","platform":"windows-10-32bit","javascriptEnabled":true,"takesScreenshot":true,"handlesAlerts":false,"databaseEnabled":false,"locationContextEnabled":false,"applicationCacheEnabled":false,"browserConnectionEnabled":false,"cssSelectorsEnabled":true,"webStorageEnabled":false,"rotatable":false,"acceptSslCerts":false,"nativeEvents":true,"proxy":{"proxyType":"direct"}}
[INFO  - 2017-05-24T06:24:33.129Z] SessionManagerReqHand - _postNewSessionCommand - New Session Created: a6ad1240-4049-11e7-b4a5-d32e8f83f476
[INFO  - 2017-05-24T06:24:34.281Z] ShutdownReqHand - _handle - About to shutdown
[INFO  - 2017-05-24T06:25:14.671Z] GhostDriver - Main - running on port 32258
[INFO  - 2017-05-24T06:25:15.496Z] Session [bfed26f0-4049-11e7-9953-2b6d5ebf8dfa] - page.settings - {"XSSAuditingEnabled":false,"javascriptCanCloseWindows":true,"javascriptCanOpenWindows":true,"javascriptEnabled":true,"loadImages":true,"localToRemoteUrlAccessEnabled":false,"userAgent":"Mozilla/5.0 (Windows NT 6.2; WOW64) AppleWebKit/538.1 (KHTML, like Gecko) PhantomJS/2.1.1 Safari/538.1","webSecurityEnabled":true}
[INFO  - 2017-05-24T06:25:15.497Z] Session [bfed26f0-4049-11e7-9953-2b6d5ebf8dfa] - page.customHeaders:  - {}
[INFO  - 2017-05-24T06:25:15.497Z] Session [bfed26f0-4049-11e7-9953-2b6d5ebf8dfa] - Session.negotiatedCapabilities - {"browserName":"phantomjs","version":"2.1.1","driverName":"ghostdriver","driverVersion":"1.2.0","platform":"windows-10-32bit","javascriptEnabled":true,"takesScreenshot":true,"handlesAlerts":false,"databaseEnabled":false,"locationContextEnabled":false,"applicationCacheEnabled":false,"browserConnectionEnabled":false,"cssSelectorsEnabled":true,"webStorageEnabled":false,"rotatable":false,"acceptSslCerts":false,"nativeEvents":true,"proxy":{"proxyType":"direct"}}
[INFO  - 2017-05-24T06:25:15.497Z] SessionManagerReqHand - _postNewSessionCommand - New Session Created: bfed26f0-4049-11e7-9953-2b6d5ebf8dfa
[INFO  - 2017-05-24T06:25:16.492Z] ShutdownReqHand - _handle - About to shutdown
[INFO  - 2017-05-24T06:26:32.343Z] GhostDriver - Main - running on port 36027
[INFO  - 2017-05-24T06:26:33.082Z] Session [ee2c9960-4049-11e7-a389-159e0dfd0f57] - page.settings - {"XSSAuditingEnabled":false,"javascriptCanCloseWindows":true,"javascriptCanOpenWindows":true,"javascriptEnabled":true,"loadImages":true,"localToRemoteUrlAccessEnabled":false,"userAgent":"Mozilla/5.0 (Windows NT 6.2; WOW64) AppleWebKit/538.1 (KHTML, like Gecko) PhantomJS/2.1.1 Safari/538.1","webSecurityEnabled":true}
[INFO  - 2017-05-24T06:26:33.082Z] Session [ee2c9960-4049-11e7-a389-159e0dfd0f57] - page.customHeaders:  - {}
[INFO  - 2017-05-24T06:26:33.082Z] Session [ee2c9960-4049-11e7-a389-159e0dfd0f57] - Session.negotiatedCapabilities - {"browserName":"phantomjs","version":"2.1.1","driverName":"ghostdriver","driverVersion":"1.2.0","platform":"windows-10-32bit","javascriptEnabled":true,"takesScreenshot":true,"handlesAlerts":false,"databaseEnabled":false,"locationContextEnabled":false,"applicationCacheEnabled":false,"browserConnectionEnabled":false,"cssSelectorsEnabled":true,"webStorageEnabled":false,"rotatable":false,"acceptSslCerts":false,"nativeEvents":true,"proxy":{"proxyType":"direct"}}
[INFO  - 2017-05-24T06:26:33.082Z] SessionManagerReqHand - _postNewSessionCommand - New Session Created: ee2c9960-4049-11e7-a389-159e0dfd0f57
[INFO  - 2017-05-24T06:26:34.255Z] ShutdownReqHand - _handle - About to shutdown
[INFO  - 2017-05-24T06:26:59.915Z] GhostDriver - Main - running on port 27263
[INFO  - 2017-05-24T06:27:00.624Z] Session [fe96b790-4049-11e7-aed2-23d5dc1f17aa] - page.settings - {"XSSAuditingEnabled":false,"javascriptCanCloseWindows":true,"javascriptCanOpenWindows":true,"javascriptEnabled":true,"loadImages":true,"localToRemoteUrlAccessEnabled":false,"userAgent":"Mozilla/5.0 (Windows NT 6.2; WOW64) AppleWebKit/538.1 (KHTML, like Gecko) PhantomJS/2.1.1 Safari/538.1","webSecurityEnabled":true}
[INFO  - 2017-05-24T06:27:00.624Z] Session [fe96b790-4049-11e7-aed2-23d5dc1f17aa] - page.customHeaders:  - {}
[INFO  - 2017-05-24T06:27:00.624Z] Session [fe96b790-4049-11e7-aed2-23d5dc1f17aa] - Session.negotiatedCapabilities - {"browserName":"phantomjs","version":"2.1.1","driverName":"ghostdriver","driverVersion":"1.2.0","platform":"windows-10-32bit","javascriptEnabled":true,"takesScreenshot":true,"handlesAlerts":false,"databaseEnabled":false,"locationContextEnabled":false,"applicationCacheEnabled":false,"browserConnectionEnabled":false,"cssSelectorsEnabled":true,"webStorageEnabled":false,"rotatable":false,"acceptSslCerts":false,"nativeEvents":true,"proxy":{"proxyType":"direct"}}
[INFO  - 2017-05-24T06:27:00.624Z] SessionManagerReqHand - _postNewSessionCommand - New Session Created: fe96b790-4049-11e7-aed2-23d5dc1f17aa
[INFO  - 2017-05-24T06:27:01.939Z] ShutdownReqHand - _handle - About to shutdown
[INFO  - 2017-05-24T06:28:06.025Z] GhostDriver - Main - running on port 24743
[INFO  - 2017-05-24T06:28:06.746Z] Session [26004940-404a-11e7-ab58-21bf27702f71] - page.settings - {"XSSAuditingEnabled":false,"javascriptCanCloseWindows":true,"javascriptCanOpenWindows":true,"javascriptEnabled":true,"loadImages":true,"localToRemoteUrlAccessEnabled":false,"userAgent":"Mozilla/5.0 (Windows NT 6.2; WOW64) AppleWebKit/538.1 (KHTML, like Gecko) PhantomJS/2.1.1 Safari/538.1","webSecurityEnabled":true}
[INFO  - 2017-05-24T06:28:06.746Z] Session [26004940-404a-11e7-ab58-21bf27702f71] - page.customHeaders:  - {}
[INFO  - 2017-05-24T06:28:06.746Z] Session [26004940-404a-11e7-ab58-21bf27702f71] - Session.negotiatedCapabilities - {"browserName":"phantomjs","version":"2.1.1","driverName":"ghostdriver","driverVersion":"1.2.0","platform":"windows-10-32bit","javascriptEnabled":true,"takesScreenshot":true,"handlesAlerts":false,"databaseEnabled":false,"locationContextEnabled":false,"applicationCacheEnabled":false,"browserConnectionEnabled":false,"cssSelectorsEnabled":true,"webStorageEnabled":false,"rotatable":false,"acceptSslCerts":false,"nativeEvents":true,"proxy":{"proxyType":"direct"}}
[INFO  - 2017-05-24T06:28:06.746Z] SessionManagerReqHand - _postNewSessionCommand - New Session Created: 26004940-404a-11e7-ab58-21bf27702f71
[INFO  - 2017-05-24T06:28:08.123Z] ShutdownReqHand - _handle - About to shutdown
[INFO  - 2017-05-24T06:29:01.230Z] GhostDriver - Main - running on port 21399
[INFO  - 2017-05-24T06:29:01.974Z] Session [46ebb720-404a-11e7-b397-51a4dd92ed7f] - page.settings - {"XSSAuditingEnabled":false,"javascriptCanCloseWindows":true,"javascriptCanOpenWindows":true,"javascriptEnabled":true,"loadImages":true,"localToRemoteUrlAccessEnabled":false,"userAgent":"Mozilla/5.0 (Windows NT 6.2; WOW64) AppleWebKit/538.1 (KHTML, like Gecko) PhantomJS/2.1.1 Safari/538.1","webSecurityEnabled":true}
[INFO  - 2017-05-24T06:29:01.975Z] Session [46ebb720-404a-11e7-b397-51a4dd92ed7f] - page.customHeaders:  - {}
[INFO  - 2017-05-24T06:29:01.975Z] Session [46ebb720-404a-11e7-b397-51a4dd92ed7f] - Session.negotiatedCapabilities - {"browserName":"phantomjs","version":"2.1.1","driverName":"ghostdriver","driverVersion":"1.2.0","platform":"windows-10-32bit","javascriptEnabled":true,"takesScreenshot":true,"handlesAlerts":false,"databaseEnabled":false,"locationContextEnabled":false,"applicationCacheEnabled":false,"browserConnectionEnabled":false,"cssSelectorsEnabled":true,"webStorageEnabled":false,"rotatable":false,"acceptSslCerts":false,"nativeEvents":true,"proxy":{"proxyType":"direct"}}
[INFO  - 2017-05-24T06:29:01.975Z] SessionManagerReqHand - _postNewSessionCommand - New Session Created: 46ebb720-404a-11e7-b397-51a4dd92ed7f
[INFO  - 2017-05-24T06:29:04.631Z] ShutdownReqHand - _handle - About to shutdown
[INFO  - 2017-05-24T06:29:43.821Z] GhostDriver - Main - running on port 30162
[INFO  - 2017-05-24T06:29:44.549Z] Session [604bfe00-404a-11e7-98d5-a908f2b30337] - page.settings - {"XSSAuditingEnabled":false,"javascriptCanCloseWindows":true,"javascriptCanOpenWindows":true,"javascriptEnabled":true,"loadImages":true,"localToRemoteUrlAccessEnabled":false,"userAgent":"Mozilla/5.0 (Windows NT 6.2; WOW64) AppleWebKit/538.1 (KHTML, like Gecko) PhantomJS/2.1.1 Safari/538.1","webSecurityEnabled":true}
[INFO  - 2017-05-24T06:29:44.549Z] Session [604bfe00-404a-11e7-98d5-a908f2b30337] - page.customHeaders:  - {}
[INFO  - 2017-05-24T06:29:44.549Z] Session [604bfe00-404a-11e7-98d5-a908f2b30337] - Session.negotiatedCapabilities - {"browserName":"phantomjs","version":"2.1.1","driverName":"ghostdriver","driverVersion":"1.2.0","platform":"windows-10-32bit","javascriptEnabled":true,"takesScreenshot":true,"handlesAlerts":false,"databaseEnabled":false,"locationContextEnabled":false,"applicationCacheEnabled":false,"browserConnectionEnabled":false,"cssSelectorsEnabled":true,"webStorageEnabled":false,"rotatable":false,"acceptSslCerts":false,"nativeEvents":true,"proxy":{"proxyType":"direct"}}
[INFO  - 2017-05-24T06:29:44.549Z] SessionManagerReqHand - _postNewSessionCommand - New Session Created: 604bfe00-404a-11e7-98d5-a908f2b30337
[INFO  - 2017-05-24T06:29:47.361Z] ShutdownReqHand - _handle - About to shutdown
[INFO  - 2017-05-24T06:30:27.364Z] GhostDriver - Main - running on port 13721
[INFO  - 2017-05-24T06:30:28.118Z] Session [7a441810-404a-11e7-8492-53143fd690fc] - page.settings - {"XSSAuditingEnabled":false,"javascriptCanCloseWindows":true,"javascriptCanOpenWindows":true,"javascriptEnabled":true,"loadImages":true,"localToRemoteUrlAccessEnabled":false,"userAgent":"Mozilla/5.0 (Windows NT 6.2; WOW64) AppleWebKit/538.1 (KHTML, like Gecko) PhantomJS/2.1.1 Safari/538.1","webSecurityEnabled":true}
[INFO  - 2017-05-24T06:30:28.118Z] Session [7a441810-404a-11e7-8492-53143fd690fc] - page.customHeaders:  - {}
[INFO  - 2017-05-24T06:30:28.118Z] Session [7a441810-404a-11e7-8492-53143fd690fc] - Session.negotiatedCapabilities - {"browserName":"phantomjs","version":"2.1.1","driverName":"ghostdriver","driverVersion":"1.2.0","platform":"windows-10-32bit","javascriptEnabled":true,"takesScreenshot":true,"handlesAlerts":false,"databaseEnabled":false,"locationContextEnabled":false,"applicationCacheEnabled":false,"browserConnectionEnabled":false,"cssSelectorsEnabled":true,"webStorageEnabled":false,"rotatable":false,"acceptSslCerts":false,"nativeEvents":true,"proxy":{"proxyType":"direct"}}
[INFO  - 2017-05-24T06:30:28.118Z] SessionManagerReqHand - _postNewSessionCommand - New Session Created: 7a441810-404a-11e7-8492-53143fd690fc
[INFO  - 2017-05-24T06:30:34.363Z] ShutdownReqHand - _handle - About to shutdown
[INFO  - 2017-05-24T06:31:24.570Z] GhostDriver - Main - running on port 1038
[INFO  - 2017-05-24T06:31:25.327Z] Session [9c5d7ea0-404a-11e7-905b-d7ac8f7df690] - page.settings - {"XSSAuditingEnabled":false,"javascriptCanCloseWindows":true,"javascriptCanOpenWindows":true,"javascriptEnabled":true,"loadImages":true,"localToRemoteUrlAccessEnabled":false,"userAgent":"Mozilla/5.0 (Windows NT 6.2; WOW64) AppleWebKit/538.1 (KHTML, like Gecko) PhantomJS/2.1.1 Safari/538.1","webSecurityEnabled":true}
[INFO  - 2017-05-24T06:31:25.327Z] Session [9c5d7ea0-404a-11e7-905b-d7ac8f7df690] - page.customHeaders:  - {}
[INFO  - 2017-05-24T06:31:25.327Z] Session [9c5d7ea0-404a-11e7-905b-d7ac8f7df690] - Session.negotiatedCapabilities - {"browserName":"phantomjs","version":"2.1.1","driverName":"ghostdriver","driverVersion":"1.2.0","platform":"windows-10-32bit","javascriptEnabled":true,"takesScreenshot":true,"handlesAlerts":false,"databaseEnabled":false,"locationContextEnabled":false,"applicationCacheEnabled":false,"browserConnectionEnabled":false,"cssSelectorsEnabled":true,"webStorageEnabled":false,"rotatable":false,"acceptSslCerts":false,"nativeEvents":true,"proxy":{"proxyType":"direct"}}
[INFO  - 2017-05-24T06:31:25.327Z] SessionManagerReqHand - _postNewSessionCommand - New Session Created: 9c5d7ea0-404a-11e7-905b-d7ac8f7df690
[INFO  - 2017-05-24T06:31:26.232Z] ShutdownReqHand - _handle - About to shutdown
[INFO  - 2017-05-24T06:31:45.574Z] GhostDriver - Main - running on port 47963
[INFO  - 2017-05-24T06:31:46.321Z] Session [a8e113d0-404a-11e7-9d46-4f8c1a10059f] - page.settings - {"XSSAuditingEnabled":false,"javascriptCanCloseWindows":true,"javascriptCanOpenWindows":true,"javascriptEnabled":true,"loadImages":true,"localToRemoteUrlAccessEnabled":false,"userAgent":"Mozilla/5.0 (Windows NT 6.2; WOW64) AppleWebKit/538.1 (KHTML, like Gecko) PhantomJS/2.1.1 Safari/538.1","webSecurityEnabled":true}
[INFO  - 2017-05-24T06:31:46.321Z] Session [a8e113d0-404a-11e7-9d46-4f8c1a10059f] - page.customHeaders:  - {}
[INFO  - 2017-05-24T06:31:46.321Z] Session [a8e113d0-404a-11e7-9d46-4f8c1a10059f] - Session.negotiatedCapabilities - {"browserName":"phantomjs","version":"2.1.1","driverName":"ghostdriver","driverVersion":"1.2.0","platform":"windows-10-32bit","javascriptEnabled":true,"takesScreenshot":true,"handlesAlerts":false,"databaseEnabled":false,"locationContextEnabled":false,"applicationCacheEnabled":false,"browserConnectionEnabled":false,"cssSelectorsEnabled":true,"webStorageEnabled":false,"rotatable":false,"acceptSslCerts":false,"nativeEvents":true,"proxy":{"proxyType":"direct"}}
[INFO  - 2017-05-24T06:31:46.322Z] SessionManagerReqHand - _postNewSessionCommand - New Session Created: a8e113d0-404a-11e7-9d46-4f8c1a10059f
[INFO  - 2017-05-24T06:31:52.410Z] ShutdownReqHand - _handle - About to shutdown
[INFO  - 2017-05-24T06:32:01.367Z] GhostDriver - Main - running on port 35363
[INFO  - 2017-05-24T06:32:02.134Z] Session [b24dcc10-404a-11e7-a0d1-abb1fa97c54e] - page.settings - {"XSSAuditingEnabled":false,"javascriptCanCloseWindows":true,"javascriptCanOpenWindows":true,"javascriptEnabled":true,"loadImages":true,"localToRemoteUrlAccessEnabled":false,"userAgent":"Mozilla/5.0 (Windows NT 6.2; WOW64) AppleWebKit/538.1 (KHTML, like Gecko) PhantomJS/2.1.1 Safari/538.1","webSecurityEnabled":true}
[INFO  - 2017-05-24T06:32:02.134Z] Session [b24dcc10-404a-11e7-a0d1-abb1fa97c54e] - page.customHeaders:  - {}
[INFO  - 2017-05-24T06:32:02.134Z] Session [b24dcc10-404a-11e7-a0d1-abb1fa97c54e] - Session.negotiatedCapabilities - {"browserName":"phantomjs","version":"2.1.1","driverName":"ghostdriver","driverVersion":"1.2.0","platform":"windows-10-32bit","javascriptEnabled":true,"takesScreenshot":true,"handlesAlerts":false,"databaseEnabled":false,"locationContextEnabled":false,"applicationCacheEnabled":false,"browserConnectionEnabled":false,"cssSelectorsEnabled":true,"webStorageEnabled":false,"rotatable":false,"acceptSslCerts":false,"nativeEvents":true,"proxy":{"proxyType":"direct"}}
[INFO  - 2017-05-24T06:32:02.134Z] SessionManagerReqHand - _postNewSessionCommand - New Session Created: b24dcc10-404a-11e7-a0d1-abb1fa97c54e
[INFO  - 2017-05-24T06:32:08.059Z] ShutdownReqHand - _handle - About to shutdown
[INFO  - 2017-05-24T06:32:35.699Z] GhostDriver - Main - running on port 13918
[INFO  - 2017-05-24T06:32:36.451Z] Session [c6c24ef0-404a-11e7-b01a-cf0b8aa95ba0] - page.settings - {"XSSAuditingEnabled":false,"javascriptCanCloseWindows":true,"javascriptCanOpenWindows":true,"javascriptEnabled":true,"loadImages":true,"localToRemoteUrlAccessEnabled":false,"userAgent":"Mozilla/5.0 (Windows NT 6.2; WOW64) AppleWebKit/538.1 (KHTML, like Gecko) PhantomJS/2.1.1 Safari/538.1","webSecurityEnabled":true}
[INFO  - 2017-05-24T06:32:36.451Z] Session [c6c24ef0-404a-11e7-b01a-cf0b8aa95ba0] - page.customHeaders:  - {}
[INFO  - 2017-05-24T06:32:36.451Z] Session [c6c24ef0-404a-11e7-b01a-cf0b8aa95ba0] - Session.negotiatedCapabilities - {"browserName":"phantomjs","version":"2.1.1","driverName":"ghostdriver","driverVersion":"1.2.0","platform":"windows-10-32bit","javascriptEnabled":true,"takesScreenshot":true,"handlesAlerts":false,"databaseEnabled":false,"locationContextEnabled":false,"applicationCacheEnabled":false,"browserConnectionEnabled":false,"cssSelectorsEnabled":true,"webStorageEnabled":false,"rotatable":false,"acceptSslCerts":false,"nativeEvents":true,"proxy":{"proxyType":"direct"}}
[INFO  - 2017-05-24T06:32:36.452Z] SessionManagerReqHand - _postNewSessionCommand - New Session Created: c6c24ef0-404a-11e7-b01a-cf0b8aa95ba0
[INFO  - 2017-05-24T06:32:37.520Z] ShutdownReqHand - _handle - About to shutdown
[INFO  - 2017-05-24T06:34:08.228Z] GhostDriver - Main - running on port 34687
[INFO  - 2017-05-24T06:34:08.961Z] Session [fde636d0-404a-11e7-ab6d-89f53ea83776] - page.settings - {"XSSAuditingEnabled":false,"javascriptCanCloseWindows":true,"javascriptCanOpenWindows":true,"javascriptEnabled":true,"loadImages":true,"localToRemoteUrlAccessEnabled":false,"userAgent":"Mozilla/5.0 (Windows NT 6.2; WOW64) AppleWebKit/538.1 (KHTML, like Gecko) PhantomJS/2.1.1 Safari/538.1","webSecurityEnabled":true}
[INFO  - 2017-05-24T06:34:08.961Z] Session [fde636d0-404a-11e7-ab6d-89f53ea83776] - page.customHeaders:  - {}
[INFO  - 2017-05-24T06:34:08.961Z] Session [fde636d0-404a-11e7-ab6d-89f53ea83776] - Session.negotiatedCapabilities - {"browserName":"phantomjs","version":"2.1.1","driverName":"ghostdriver","driverVersion":"1.2.0","platform":"windows-10-32bit","javascriptEnabled":true,"takesScreenshot":true,"handlesAlerts":false,"databaseEnabled":false,"locationContextEnabled":false,"applicationCacheEnabled":false,"browserConnectionEnabled":false,"cssSelectorsEnabled":true,"webStorageEnabled":false,"rotatable":false,"acceptSslCerts":false,"nativeEvents":true,"proxy":{"proxyType":"direct"}}
[INFO  - 2017-05-24T06:34:08.961Z] SessionManagerReqHand - _postNewSessionCommand - New Session Created: fde636d0-404a-11e7-ab6d-89f53ea83776
[INFO  - 2017-05-24T06:34:10.188Z] ShutdownReqHand - _handle - About to shutdown
[INFO  - 2017-05-24T06:34:22.216Z] GhostDriver - Main - running on port 11044
[INFO  - 2017-05-24T06:34:22.973Z] Session [06404690-404b-11e7-ba3c-2d0f625cd1ba] - page.settings - {"XSSAuditingEnabled":false,"javascriptCanCloseWindows":true,"javascriptCanOpenWindows":true,"javascriptEnabled":true,"loadImages":true,"localToRemoteUrlAccessEnabled":false,"userAgent":"Mozilla/5.0 (Windows NT 6.2; WOW64) AppleWebKit/538.1 (KHTML, like Gecko) PhantomJS/2.1.1 Safari/538.1","webSecurityEnabled":true}
[INFO  - 2017-05-24T06:34:22.973Z] Session [06404690-404b-11e7-ba3c-2d0f625cd1ba] - page.customHeaders:  - {}
[INFO  - 2017-05-24T06:34:22.974Z] Session [06404690-404b-11e7-ba3c-2d0f625cd1ba] - Session.negotiatedCapabilities - {"browserName":"phantomjs","version":"2.1.1","driverName":"ghostdriver","driverVersion":"1.2.0","platform":"windows-10-32bit","javascriptEnabled":true,"takesScreenshot":true,"handlesAlerts":false,"databaseEnabled":false,"locationContextEnabled":false,"applicationCacheEnabled":false,"browserConnectionEnabled":false,"cssSelectorsEnabled":true,"webStorageEnabled":false,"rotatable":false,"acceptSslCerts":false,"nativeEvents":true,"proxy":{"proxyType":"direct"}}
[INFO  - 2017-05-24T06:34:22.974Z] SessionManagerReqHand - _postNewSessionCommand - New Session Created: 06404690-404b-11e7-ba3c-2d0f625cd1ba
[INFO  - 2017-05-24T06:34:24.020Z] ShutdownReqHand - _handle - About to shutdown
[INFO  - 2017-05-24T06:34:54.541Z] GhostDriver - Main - running on port 19429
[INFO  - 2017-05-24T06:34:55.261Z] Session [197f0890-404b-11e7-b776-93bd53972070] - page.settings - {"XSSAuditingEnabled":false,"javascriptCanCloseWindows":true,"javascriptCanOpenWindows":true,"javascriptEnabled":true,"loadImages":true,"localToRemoteUrlAccessEnabled":false,"userAgent":"Mozilla/5.0 (Windows NT 6.2; WOW64) AppleWebKit/538.1 (KHTML, like Gecko) PhantomJS/2.1.1 Safari/538.1","webSecurityEnabled":true}
[INFO  - 2017-05-24T06:34:55.262Z] Session [197f0890-404b-11e7-b776-93bd53972070] - page.customHeaders:  - {}
[INFO  - 2017-05-24T06:34:55.262Z] Session [197f0890-404b-11e7-b776-93bd53972070] - Session.negotiatedCapabilities - {"browserName":"phantomjs","version":"2.1.1","driverName":"ghostdriver","driverVersion":"1.2.0","platform":"windows-10-32bit","javascriptEnabled":true,"takesScreenshot":true,"handlesAlerts":false,"databaseEnabled":false,"locationContextEnabled":false,"applicationCacheEnabled":false,"browserConnectionEnabled":false,"cssSelectorsEnabled":true,"webStorageEnabled":false,"rotatable":false,"acceptSslCerts":false,"nativeEvents":true,"proxy":{"proxyType":"direct"}}
[INFO  - 2017-05-24T06:34:55.262Z] SessionManagerReqHand - _postNewSessionCommand - New Session Created: 197f0890-404b-11e7-b776-93bd53972070
[INFO  - 2017-05-24T06:35:01.193Z] ShutdownReqHand - _handle - About to shutdown
[INFO  - 2017-05-24T06:35:11.479Z] GhostDriver - Main - running on port 26778
[INFO  - 2017-05-24T06:35:12.195Z] Session [2396f4f0-404b-11e7-8677-fb6cbd25a68d] - page.settings - {"XSSAuditingEnabled":false,"javascriptCanCloseWindows":true,"javascriptCanOpenWindows":true,"javascriptEnabled":true,"loadImages":true,"localToRemoteUrlAccessEnabled":false,"userAgent":"Mozilla/5.0 (Windows NT 6.2; WOW64) AppleWebKit/538.1 (KHTML, like Gecko) PhantomJS/2.1.1 Safari/538.1","webSecurityEnabled":true}
[INFO  - 2017-05-24T06:35:12.195Z] Session [2396f4f0-404b-11e7-8677-fb6cbd25a68d] - page.customHeaders:  - {}
[INFO  - 2017-05-24T06:35:12.195Z] Session [2396f4f0-404b-11e7-8677-fb6cbd25a68d] - Session.negotiatedCapabilities - {"browserName":"phantomjs","version":"2.1.1","driverName":"ghostdriver","driverVersion":"1.2.0","platform":"windows-10-32bit","javascriptEnabled":true,"takesScreenshot":true,"handlesAlerts":false,"databaseEnabled":false,"locationContextEnabled":false,"applicationCacheEnabled":false,"browserConnectionEnabled":false,"cssSelectorsEnabled":true,"webStorageEnabled":false,"rotatable":false,"acceptSslCerts":false,"nativeEvents":true,"proxy":{"proxyType":"direct"}}
[INFO  - 2017-05-24T06:35:12.196Z] SessionManagerReqHand - _postNewSessionCommand - New Session Created: 2396f4f0-404b-11e7-8677-fb6cbd25a68d
[INFO  - 2017-05-24T06:35:18.439Z] ShutdownReqHand - _handle - About to shutdown
[INFO  - 2017-05-24T06:35:27.837Z] GhostDriver - Main - running on port 19740
[INFO  - 2017-05-24T06:35:28.588Z] Session [2d5c2d70-404b-11e7-9998-ebf1294d01c4] - page.settings - {"XSSAuditingEnabled":false,"javascriptCanCloseWindows":true,"javascriptCanOpenWindows":true,"javascriptEnabled":true,"loadImages":true,"localToRemoteUrlAccessEnabled":false,"userAgent":"Mozilla/5.0 (Windows NT 6.2; WOW64) AppleWebKit/538.1 (KHTML, like Gecko) PhantomJS/2.1.1 Safari/538.1","webSecurityEnabled":true}
[INFO  - 2017-05-24T06:35:28.589Z] Session [2d5c2d70-404b-11e7-9998-ebf1294d01c4] - page.customHeaders:  - {}
[INFO  - 2017-05-24T06:35:28.589Z] Session [2d5c2d70-404b-11e7-9998-ebf1294d01c4] - Session.negotiatedCapabilities - {"browserName":"phantomjs","version":"2.1.1","driverName":"ghostdriver","driverVersion":"1.2.0","platform":"windows-10-32bit","javascriptEnabled":true,"takesScreenshot":true,"handlesAlerts":false,"databaseEnabled":false,"locationContextEnabled":false,"applicationCacheEnabled":false,"browserConnectionEnabled":false,"cssSelectorsEnabled":true,"webStorageEnabled":false,"rotatable":false,"acceptSslCerts":false,"nativeEvents":true,"proxy":{"proxyType":"direct"}}
[INFO  - 2017-05-24T06:35:28.589Z] SessionManagerReqHand - _postNewSessionCommand - New Session Created: 2d5c2d70-404b-11e7-9998-ebf1294d01c4
[INFO  - 2017-05-24T06:35:29.849Z] ShutdownReqHand - _handle - About to shutdown
[INFO  - 2017-05-24T06:35:38.664Z] GhostDriver - Main - running on port 28919
[INFO  - 2017-05-24T06:35:39.398Z] Session [33cda710-404b-11e7-adcf-c31874be8c0d] - page.settings - {"XSSAuditingEnabled":false,"javascriptCanCloseWindows":true,"javascriptCanOpenWindows":true,"javascriptEnabled":true,"loadImages":true,"localToRemoteUrlAccessEnabled":false,"userAgent":"Mozilla/5.0 (Windows NT 6.2; WOW64) AppleWebKit/538.1 (KHTML, like Gecko) PhantomJS/2.1.1 Safari/538.1","webSecurityEnabled":true}
[INFO  - 2017-05-24T06:35:39.398Z] Session [33cda710-404b-11e7-adcf-c31874be8c0d] - page.customHeaders:  - {}
[INFO  - 2017-05-24T06:35:39.398Z] Session [33cda710-404b-11e7-adcf-c31874be8c0d] - Session.negotiatedCapabilities - {"browserName":"phantomjs","version":"2.1.1","driverName":"ghostdriver","driverVersion":"1.2.0","platform":"windows-10-32bit","javascriptEnabled":true,"takesScreenshot":true,"handlesAlerts":false,"databaseEnabled":false,"locationContextEnabled":false,"applicationCacheEnabled":false,"browserConnectionEnabled":false,"cssSelectorsEnabled":true,"webStorageEnabled":false,"rotatable":false,"acceptSslCerts":false,"nativeEvents":true,"proxy":{"proxyType":"direct"}}
[INFO  - 2017-05-24T06:35:39.398Z] SessionManagerReqHand - _postNewSessionCommand - New Session Created: 33cda710-404b-11e7-adcf-c31874be8c0d
[INFO  - 2017-05-24T06:35:40.446Z] ShutdownReqHand - _handle - About to shutdown
[INFO  - 2017-05-24T06:35:46.947Z] GhostDriver - Main - running on port 22307
[INFO  - 2017-05-24T06:35:47.707Z] Session [38c13340-404b-11e7-97ef-9f31adea8066] - page.settings - {"XSSAuditingEnabled":false,"javascriptCanCloseWindows":true,"javascriptCanOpenWindows":true,"javascriptEnabled":true,"loadImages":true,"localToRemoteUrlAccessEnabled":false,"userAgent":"Mozilla/5.0 (Windows NT 6.2; WOW64) AppleWebKit/538.1 (KHTML, like Gecko) PhantomJS/2.1.1 Safari/538.1","webSecurityEnabled":true}
[INFO  - 2017-05-24T06:35:47.707Z] Session [38c13340-404b-11e7-97ef-9f31adea8066] - page.customHeaders:  - {}
[INFO  - 2017-05-24T06:35:47.707Z] Session [38c13340-404b-11e7-97ef-9f31adea8066] - Session.negotiatedCapabilities - {"browserName":"phantomjs","version":"2.1.1","driverName":"ghostdriver","driverVersion":"1.2.0","platform":"windows-10-32bit","javascriptEnabled":true,"takesScreenshot":true,"handlesAlerts":false,"databaseEnabled":false,"locationContextEnabled":false,"applicationCacheEnabled":false,"browserConnectionEnabled":false,"cssSelectorsEnabled":true,"webStorageEnabled":false,"rotatable":false,"acceptSslCerts":false,"nativeEvents":true,"proxy":{"proxyType":"direct"}}
[INFO  - 2017-05-24T06:35:47.707Z] SessionManagerReqHand - _postNewSessionCommand - New Session Created: 38c13340-404b-11e7-97ef-9f31adea8066
[INFO  - 2017-05-24T06:35:48.741Z] ShutdownReqHand - _handle - About to shutdown
[INFO  - 2017-05-24T06:35:59.273Z] GhostDriver - Main - running on port 20973
[INFO  - 2017-05-24T06:36:00.027Z] Session [40193c50-404b-11e7-8325-55769b2fc05d] - page.settings - {"XSSAuditingEnabled":false,"javascriptCanCloseWindows":true,"javascriptCanOpenWindows":true,"javascriptEnabled":true,"loadImages":true,"localToRemoteUrlAccessEnabled":false,"userAgent":"Mozilla/5.0 (Windows NT 6.2; WOW64) AppleWebKit/538.1 (KHTML, like Gecko) PhantomJS/2.1.1 Safari/538.1","webSecurityEnabled":true}
[INFO  - 2017-05-24T06:36:00.027Z] Session [40193c50-404b-11e7-8325-55769b2fc05d] - page.customHeaders:  - {}
[INFO  - 2017-05-24T06:36:00.027Z] Session [40193c50-404b-11e7-8325-55769b2fc05d] - Session.negotiatedCapabilities - {"browserName":"phantomjs","version":"2.1.1","driverName":"ghostdriver","driverVersion":"1.2.0","platform":"windows-10-32bit","javascriptEnabled":true,"takesScreenshot":true,"handlesAlerts":false,"databaseEnabled":false,"locationContextEnabled":false,"applicationCacheEnabled":false,"browserConnectionEnabled":false,"cssSelectorsEnabled":true,"webStorageEnabled":false,"rotatable":false,"acceptSslCerts":false,"nativeEvents":true,"proxy":{"proxyType":"direct"}}
[INFO  - 2017-05-24T06:36:00.028Z] SessionManagerReqHand - _postNewSessionCommand - New Session Created: 40193c50-404b-11e7-8325-55769b2fc05d
[INFO  - 2017-05-24T06:36:08.804Z] ShutdownReqHand - _handle - About to shutdown
[INFO  - 2017-05-24T06:37:32.606Z] GhostDriver - Main - running on port 31002
[INFO  - 2017-05-24T06:37:32.860Z] Session [776ebb80-404b-11e7-85e2-33eacc4062e4] - page.settings - {"XSSAuditingEnabled":false,"javascriptCanCloseWindows":true,"javascriptCanOpenWindows":true,"javascriptEnabled":true,"loadImages":true,"localToRemoteUrlAccessEnabled":false,"userAgent":"Mozilla/5.0 (Windows NT 6.2; WOW64) AppleWebKit/538.1 (KHTML, like Gecko) PhantomJS/2.1.1 Safari/538.1","webSecurityEnabled":true}
[INFO  - 2017-05-24T06:37:32.860Z] Session [776ebb80-404b-11e7-85e2-33eacc4062e4] - page.customHeaders:  - {}
[INFO  - 2017-05-24T06:37:32.860Z] Session [776ebb80-404b-11e7-85e2-33eacc4062e4] - Session.negotiatedCapabilities - {"browserName":"phantomjs","version":"2.1.1","driverName":"ghostdriver","driverVersion":"1.2.0","platform":"windows-10-32bit","javascriptEnabled":true,"takesScreenshot":true,"handlesAlerts":false,"databaseEnabled":false,"locationContextEnabled":false,"applicationCacheEnabled":false,"browserConnectionEnabled":false,"cssSelectorsEnabled":true,"webStorageEnabled":false,"rotatable":false,"acceptSslCerts":false,"nativeEvents":true,"proxy":{"proxyType":"direct"}}
[INFO  - 2017-05-24T06:37:32.860Z] SessionManagerReqHand - _postNewSessionCommand - New Session Created: 776ebb80-404b-11e7-85e2-33eacc4062e4
[INFO  - 2017-05-24T06:37:37.352Z] ShutdownReqHand - _handle - About to shutdown
[INFO  - 2017-05-24T07:07:39.592Z] GhostDriver - Main - running on port 36898
[INFO  - 2017-05-24T07:07:40.331Z] Session [acc4c460-404f-11e7-849d-39bddbda764c] - page.settings - {"XSSAuditingEnabled":false,"javascriptCanCloseWindows":true,"javascriptCanOpenWindows":true,"javascriptEnabled":true,"loadImages":true,"localToRemoteUrlAccessEnabled":false,"userAgent":"Mozilla/5.0 (Windows NT 6.2; WOW64) AppleWebKit/538.1 (KHTML, like Gecko) PhantomJS/2.1.1 Safari/538.1","webSecurityEnabled":true}
[INFO  - 2017-05-24T07:07:40.331Z] Session [acc4c460-404f-11e7-849d-39bddbda764c] - page.customHeaders:  - {}
[INFO  - 2017-05-24T07:07:40.331Z] Session [acc4c460-404f-11e7-849d-39bddbda764c] - Session.negotiatedCapabilities - {"browserName":"phantomjs","version":"2.1.1","driverName":"ghostdriver","driverVersion":"1.2.0","platform":"windows-10-32bit","javascriptEnabled":true,"takesScreenshot":true,"handlesAlerts":false,"databaseEnabled":false,"locationContextEnabled":false,"applicationCacheEnabled":false,"browserConnectionEnabled":false,"cssSelectorsEnabled":true,"webStorageEnabled":false,"rotatable":false,"acceptSslCerts":false,"nativeEvents":true,"proxy":{"proxyType":"direct"}}
[INFO  - 2017-05-24T07:07:40.331Z] SessionManagerReqHand - _postNewSessionCommand - New Session Created: acc4c460-404f-11e7-849d-39bddbda764c
[INFO  - 2017-05-24T07:07:44.293Z] ShutdownReqHand - _handle - About to shutdown
[INFO  - 2017-05-24T07:08:25.430Z] GhostDriver - Main - running on port 3705
[INFO  - 2017-05-24T07:08:25.679Z] Session [c7cc79b0-404f-11e7-bacc-2514e80f6fe2] - page.settings - {"XSSAuditingEnabled":false,"javascriptCanCloseWindows":true,"javascriptCanOpenWindows":true,"javascriptEnabled":true,"loadImages":true,"localToRemoteUrlAccessEnabled":false,"userAgent":"Mozilla/5.0 (Windows NT 6.2; WOW64) AppleWebKit/538.1 (KHTML, like Gecko) PhantomJS/2.1.1 Safari/538.1","webSecurityEnabled":true}
[INFO  - 2017-05-24T07:08:25.680Z] Session [c7cc79b0-404f-11e7-bacc-2514e80f6fe2] - page.customHeaders:  - {}
[INFO  - 2017-05-24T07:08:25.680Z] Session [c7cc79b0-404f-11e7-bacc-2514e80f6fe2] - Session.negotiatedCapabilities - {"browserName":"phantomjs","version":"2.1.1","driverName":"ghostdriver","driverVersion":"1.2.0","platform":"windows-10-32bit","javascriptEnabled":true,"takesScreenshot":true,"handlesAlerts":false,"databaseEnabled":false,"locationContextEnabled":false,"applicationCacheEnabled":false,"browserConnectionEnabled":false,"cssSelectorsEnabled":true,"webStorageEnabled":false,"rotatable":false,"acceptSslCerts":false,"nativeEvents":true,"proxy":{"proxyType":"direct"}}
[INFO  - 2017-05-24T07:08:25.680Z] SessionManagerReqHand - _postNewSessionCommand - New Session Created: c7cc79b0-404f-11e7-bacc-2514e80f6fe2
[INFO  - 2017-05-24T07:08:29.624Z] ShutdownReqHand - _handle - About to shutdown
[INFO  - 2017-05-24T07:09:09.804Z] GhostDriver - Main - running on port 28536
[INFO  - 2017-05-24T07:09:10.065Z] Session [e2413dd0-404f-11e7-93bd-2d70154a31d6] - page.settings - {"XSSAuditingEnabled":false,"javascriptCanCloseWindows":true,"javascriptCanOpenWindows":true,"javascriptEnabled":true,"loadImages":true,"localToRemoteUrlAccessEnabled":false,"userAgent":"Mozilla/5.0 (Windows NT 6.2; WOW64) AppleWebKit/538.1 (KHTML, like Gecko) PhantomJS/2.1.1 Safari/538.1","webSecurityEnabled":true}
[INFO  - 2017-05-24T07:09:10.065Z] Session [e2413dd0-404f-11e7-93bd-2d70154a31d6] - page.customHeaders:  - {}
[INFO  - 2017-05-24T07:09:10.065Z] Session [e2413dd0-404f-11e7-93bd-2d70154a31d6] - Session.negotiatedCapabilities - {"browserName":"phantomjs","version":"2.1.1","driverName":"ghostdriver","driverVersion":"1.2.0","platform":"windows-10-32bit","javascriptEnabled":true,"takesScreenshot":true,"handlesAlerts":false,"databaseEnabled":false,"locationContextEnabled":false,"applicationCacheEnabled":false,"browserConnectionEnabled":false,"cssSelectorsEnabled":true,"webStorageEnabled":false,"rotatable":false,"acceptSslCerts":false,"nativeEvents":true,"proxy":{"proxyType":"direct"}}
[INFO  - 2017-05-24T07:09:10.065Z] SessionManagerReqHand - _postNewSessionCommand - New Session Created: e2413dd0-404f-11e7-93bd-2d70154a31d6
[INFO  - 2017-05-24T07:09:19.162Z] ShutdownReqHand - _handle - About to shutdown
[INFO  - 2017-05-24T07:11:19.659Z] GhostDriver - Main - running on port 14014
[INFO  - 2017-05-24T07:11:20.397Z] Session [2ff05390-4050-11e7-95fb-6b338e80161a] - page.settings - {"XSSAuditingEnabled":false,"javascriptCanCloseWindows":true,"javascriptCanOpenWindows":true,"javascriptEnabled":true,"loadImages":true,"localToRemoteUrlAccessEnabled":false,"userAgent":"Mozilla/5.0 (Windows NT 6.2; WOW64) AppleWebKit/538.1 (KHTML, like Gecko) PhantomJS/2.1.1 Safari/538.1","webSecurityEnabled":true}
[INFO  - 2017-05-24T07:11:20.397Z] Session [2ff05390-4050-11e7-95fb-6b338e80161a] - page.customHeaders:  - {}
[INFO  - 2017-05-24T07:11:20.397Z] Session [2ff05390-4050-11e7-95fb-6b338e80161a] - Session.negotiatedCapabilities - {"browserName":"phantomjs","version":"2.1.1","driverName":"ghostdriver","driverVersion":"1.2.0","platform":"windows-10-32bit","javascriptEnabled":true,"takesScreenshot":true,"handlesAlerts":false,"databaseEnabled":false,"locationContextEnabled":false,"applicationCacheEnabled":false,"browserConnectionEnabled":false,"cssSelectorsEnabled":true,"webStorageEnabled":false,"rotatable":false,"acceptSslCerts":false,"nativeEvents":true,"proxy":{"proxyType":"direct"}}
[INFO  - 2017-05-24T07:11:20.398Z] SessionManagerReqHand - _postNewSessionCommand - New Session Created: 2ff05390-4050-11e7-95fb-6b338e80161a
[INFO  - 2017-05-24T07:11:29.824Z] ShutdownReqHand - _handle - About to shutdown
[INFO  - 2017-05-24T07:12:12.684Z] GhostDriver - Main - running on port 47784
[INFO  - 2017-05-24T07:12:13.409Z] Session [4f8950d0-4050-11e7-83cd-bdef971bca64] - page.settings - {"XSSAuditingEnabled":false,"javascriptCanCloseWindows":true,"javascriptCanOpenWindows":true,"javascriptEnabled":true,"loadImages":true,"localToRemoteUrlAccessEnabled":false,"userAgent":"Mozilla/5.0 (Windows NT 6.2; WOW64) AppleWebKit/538.1 (KHTML, like Gecko) PhantomJS/2.1.1 Safari/538.1","webSecurityEnabled":true}
[INFO  - 2017-05-24T07:12:13.409Z] Session [4f8950d0-4050-11e7-83cd-bdef971bca64] - page.customHeaders:  - {}
[INFO  - 2017-05-24T07:12:13.409Z] Session [4f8950d0-4050-11e7-83cd-bdef971bca64] - Session.negotiatedCapabilities - {"browserName":"phantomjs","version":"2.1.1","driverName":"ghostdriver","driverVersion":"1.2.0","platform":"windows-10-32bit","javascriptEnabled":true,"takesScreenshot":true,"handlesAlerts":false,"databaseEnabled":false,"locationContextEnabled":false,"applicationCacheEnabled":false,"browserConnectionEnabled":false,"cssSelectorsEnabled":true,"webStorageEnabled":false,"rotatable":false,"acceptSslCerts":false,"nativeEvents":true,"proxy":{"proxyType":"direct"}}
[INFO  - 2017-05-24T07:12:13.410Z] SessionManagerReqHand - _postNewSessionCommand - New Session Created: 4f8950d0-4050-11e7-83cd-bdef971bca64
[INFO  - 2017-05-24T07:12:22.422Z] ShutdownReqHand - _handle - About to shutdown
[INFO  - 2017-05-24T07:16:21.488Z] GhostDriver - Main - running on port 46693
[INFO  - 2017-05-24T07:16:22.189Z] Session [e3d1d370-4050-11e7-a1fb-3d0cf974e4bb] - page.settings - {"XSSAuditingEnabled":false,"javascriptCanCloseWindows":true,"javascriptCanOpenWindows":true,"javascriptEnabled":true,"loadImages":true,"localToRemoteUrlAccessEnabled":false,"userAgent":"Mozilla/5.0 (Windows NT 6.2; WOW64) AppleWebKit/538.1 (KHTML, like Gecko) PhantomJS/2.1.1 Safari/538.1","webSecurityEnabled":true}
[INFO  - 2017-05-24T07:16:22.189Z] Session [e3d1d370-4050-11e7-a1fb-3d0cf974e4bb] - page.customHeaders:  - {}
[INFO  - 2017-05-24T07:16:22.189Z] Session [e3d1d370-4050-11e7-a1fb-3d0cf974e4bb] - Session.negotiatedCapabilities - {"browserName":"phantomjs","version":"2.1.1","driverName":"ghostdriver","driverVersion":"1.2.0","platform":"windows-10-32bit","javascriptEnabled":true,"takesScreenshot":true,"handlesAlerts":false,"databaseEnabled":false,"locationContextEnabled":false,"applicationCacheEnabled":false,"browserConnectionEnabled":false,"cssSelectorsEnabled":true,"webStorageEnabled":false,"rotatable":false,"acceptSslCerts":false,"nativeEvents":true,"proxy":{"proxyType":"direct"}}
[INFO  - 2017-05-24T07:16:22.189Z] SessionManagerReqHand - _postNewSessionCommand - New Session Created: e3d1d370-4050-11e7-a1fb-3d0cf974e4bb
[INFO  - 2017-05-24T07:16:31.207Z] ShutdownReqHand - _handle - About to shutdown
[INFO  - 2018-05-04T07:40:09.342Z] GhostDriver - Main - running on port 48396
[INFO  - 2018-05-04T07:40:09.939Z] Session [5f56efd0-4f6e-11e8-9e56-598b141742cb] - page.settings - {"XSSAuditingEnabled":false,"javascriptCanCloseWindows":true,"javascriptCanOpenWindows":true,"javascriptEnabled":true,"loadImages":true,"localToRemoteUrlAccessEnabled":false,"userAgent":"Mozilla/5.0 (Windows NT 6.2; WOW64) AppleWebKit/538.1 (KHTML, like Gecko) PhantomJS/2.1.1 Safari/538.1","webSecurityEnabled":true}
[INFO  - 2018-05-04T07:40:09.939Z] Session [5f56efd0-4f6e-11e8-9e56-598b141742cb] - page.customHeaders:  - {}
[INFO  - 2018-05-04T07:40:09.939Z] Session [5f56efd0-4f6e-11e8-9e56-598b141742cb] - Session.negotiatedCapabilities - {"browserName":"phantomjs","version":"2.1.1","driverName":"ghostdriver","driverVersion":"1.2.0","platform":"windows-10-32bit","javascriptEnabled":true,"takesScreenshot":true,"handlesAlerts":false,"databaseEnabled":false,"locationContextEnabled":false,"applicationCacheEnabled":false,"browserConnectionEnabled":false,"cssSelectorsEnabled":true,"webStorageEnabled":false,"rotatable":false,"acceptSslCerts":false,"nativeEvents":true,"proxy":{"proxyType":"direct"}}
[INFO  - 2018-05-04T07:40:09.940Z] SessionManagerReqHand - _postNewSessionCommand - New Session Created: 5f56efd0-4f6e-11e8-9e56-598b141742cb
[INFO  - 2018-05-04T07:40:12.367Z] ShutdownReqHand - _handle - About to shutdown
[INFO  - 2018-05-04T07:41:09.563Z] GhostDriver - Main - running on port 40676
[INFO  - 2018-05-04T07:41:10.104Z] Session [83338a30-4f6e-11e8-8b76-5d09618f4ec3] - page.settings - {"XSSAuditingEnabled":false,"javascriptCanCloseWindows":true,"javascriptCanOpenWindows":true,"javascriptEnabled":true,"loadImages":true,"localToRemoteUrlAccessEnabled":false,"userAgent":"Mozilla/5.0 (Windows NT 6.2; WOW64) AppleWebKit/538.1 (KHTML, like Gecko) PhantomJS/2.1.1 Safari/538.1","webSecurityEnabled":true}
[INFO  - 2018-05-04T07:41:10.104Z] Session [83338a30-4f6e-11e8-8b76-5d09618f4ec3] - page.customHeaders:  - {}
[INFO  - 2018-05-04T07:41:10.104Z] Session [83338a30-4f6e-11e8-8b76-5d09618f4ec3] - Session.negotiatedCapabilities - {"browserName":"phantomjs","version":"2.1.1","driverName":"ghostdriver","driverVersion":"1.2.0","platform":"windows-10-32bit","javascriptEnabled":true,"takesScreenshot":true,"handlesAlerts":false,"databaseEnabled":false,"locationContextEnabled":false,"applicationCacheEnabled":false,"browserConnectionEnabled":false,"cssSelectorsEnabled":true,"webStorageEnabled":false,"rotatable":false,"acceptSslCerts":false,"nativeEvents":true,"proxy":{"proxyType":"direct"}}
[INFO  - 2018-05-04T07:41:10.105Z] SessionManagerReqHand - _postNewSessionCommand - New Session Created: 83338a30-4f6e-11e8-8b76-5d09618f4ec3
[INFO  - 2018-05-04T07:46:09.565Z] SessionManagerReqHand - _cleanupWindowlessSessions - Asynchronous Sessions clean-up phase starting NOW
[INFO  - 2018-05-04T07:51:09.565Z] SessionManagerReqHand - _cleanupWindowlessSessions - Asynchronous Sessions clean-up phase starting NOW
[INFO  - 2018-05-04T07:56:09.569Z] SessionManagerReqHand - _cleanupWindowlessSessions - Asynchronous Sessions clean-up phase starting NOW
[INFO  - 2018-05-04T08:01:09.570Z] SessionManagerReqHand - _cleanupWindowlessSessions - Asynchronous Sessions clean-up phase starting NOW
[INFO  - 2018-05-04T08:06:09.571Z] SessionManagerReqHand - _cleanupWindowlessSessions - Asynchronous Sessions clean-up phase starting NOW
[INFO  - 2018-05-04T08:11:09.572Z] SessionManagerReqHand - _cleanupWindowlessSessions - Asynchronous Sessions clean-up phase starting NOW
[INFO  - 2018-05-04T08:16:09.574Z] SessionManagerReqHand - _cleanupWindowlessSessions - Asynchronous Sessions clean-up phase starting NOW
[INFO  - 2018-05-04T08:21:09.574Z] SessionManagerReqHand - _cleanupWindowlessSessions - Asynchronous Sessions clean-up phase starting NOW
[INFO  - 2018-05-04T08:26:09.574Z] SessionManagerReqHand - _cleanupWindowlessSessions - Asynchronous Sessions clean-up phase starting NOW
[INFO  - 2018-05-04T08:31:09.575Z] SessionManagerReqHand - _cleanupWindowlessSessions - Asynchronous Sessions clean-up phase starting NOW
[INFO  - 2018-05-04T08:36:09.575Z] SessionManagerReqHand - _cleanupWindowlessSessions - Asynchronous Sessions clean-up phase starting NOW
[INFO  - 2018-05-04T08:41:09.574Z] SessionManagerReqHand - _cleanupWindowlessSessions - Asynchronous Sessions clean-up phase starting NOW
[INFO  - 2018-05-04T08:46:09.574Z] SessionManagerReqHand - _cleanupWindowlessSessions - Asynchronous Sessions clean-up phase starting NOW
[INFO  - 2018-05-04T08:51:09.576Z] SessionManagerReqHand - _cleanupWindowlessSessions - Asynchronous Sessions clean-up phase starting NOW
[INFO  - 2018-05-04T08:56:09.581Z] SessionManagerReqHand - _cleanupWindowlessSessions - Asynchronous Sessions clean-up phase starting NOW
[INFO  - 2018-05-04T09:01:09.584Z] SessionManagerReqHand - _cleanupWindowlessSessions - Asynchronous Sessions clean-up phase starting NOW
[INFO  - 2018-05-04T09:06:09.584Z] SessionManagerReqHand - _cleanupWindowlessSessions - Asynchronous Sessions clean-up phase starting NOW
[INFO  - 2018-05-04T09:11:09.584Z] SessionManagerReqHand - _cleanupWindowlessSessions - Asynchronous Sessions clean-up phase starting NOW
[INFO  - 2018-05-04T09:16:09.584Z] SessionManagerReqHand - _cleanupWindowlessSessions - Asynchronous Sessions clean-up phase starting NOW
[INFO  - 2018-05-04T09:21:09.586Z] SessionManagerReqHand - _cleanupWindowlessSessions - Asynchronous Sessions clean-up phase starting NOW
[INFO  - 2018-05-04T09:26:09.586Z] SessionManagerReqHand - _cleanupWindowlessSessions - Asynchronous Sessions clean-up phase starting NOW
[INFO  - 2018-05-04T09:31:09.588Z] SessionManagerReqHand - _cleanupWindowlessSessions - Asynchronous Sessions clean-up phase starting NOW
[INFO  - 2018-05-04T09:36:09.585Z] SessionManagerReqHand - _cleanupWindowlessSessions - Asynchronous Sessions clean-up phase starting NOW
[INFO  - 2018-05-04T09:41:09.586Z] SessionManagerReqHand - _cleanupWindowlessSessions - Asynchronous Sessions clean-up phase starting NOW
[INFO  - 2018-05-04T09:46:09.586Z] SessionManagerReqHand - _cleanupWindowlessSessions - Asynchronous Sessions clean-up phase starting NOW
[INFO  - 2018-05-04T09:51:09.586Z] SessionManagerReqHand - _cleanupWindowlessSessions - Asynchronous Sessions clean-up phase starting NOW
[INFO  - 2018-05-04T09:56:09.586Z] SessionManagerReqHand - _cleanupWindowlessSessions - Asynchronous Sessions clean-up phase starting NOW
[INFO  - 2018-05-04T10:01:09.586Z] SessionManagerReqHand - _cleanupWindowlessSessions - Asynchronous Sessions clean-up phase starting NOW
[INFO  - 2018-05-04T10:06:09.586Z] SessionManagerReqHand - _cleanupWindowlessSessions - Asynchronous Sessions clean-up phase starting NOW
[INFO  - 2018-05-04T10:11:09.588Z] SessionManagerReqHand - _cleanupWindowlessSessions - Asynchronous Sessions clean-up phase starting NOW
[INFO  - 2018-05-04T10:16:09.589Z] SessionManagerReqHand - _cleanupWindowlessSessions - Asynchronous Sessions clean-up phase starting NOW
[INFO  - 2018-05-04T10:21:09.592Z] SessionManagerReqHand - _cleanupWindowlessSessions - Asynchronous Sessions clean-up phase starting NOW
[INFO  - 2018-05-04T10:26:09.592Z] SessionManagerReqHand - _cleanupWindowlessSessions - Asynchronous Sessions clean-up phase starting NOW
[INFO  - 2018-05-04T10:31:09.593Z] SessionManagerReqHand - _cleanupWindowlessSessions - Asynchronous Sessions clean-up phase starting NOW
[INFO  - 2018-05-04T10:36:09.592Z] SessionManagerReqHand - _cleanupWindowlessSessions - Asynchronous Sessions clean-up phase starting NOW
nd - _cleanupWindowlessSessions - Asynchronous Sessions clean-up phase starting NOW
[INFO  - 2018-05-04T09:59:51.154Z] SessionManagerReqHand - _cleanupWindowlessSessions - Asynchronous Sessions clean-up phase starting NOW
[INFO  - 2018-05-04T10:04:51.154Z] SessionManagerReqHand - _cleanupWindowlessSessions - Asynchronous Sessions clean-up phase starting NOW
[INFO  - 2018-05-04T10:09:51.156Z] SessionManagerReqHand - _cleanupWindowlessSessions - Asynchronous Sessions clean-up phase starting NOW
[INFO  - 2018-05-04T10:14:51.155Z] SessionManagerReqHand - _cleanupWindowlessSessions - Asynchronous Sessions clean-up phase starting NOW
[INFO  - 2018-05-04T10:19:51.155Z] SessionManagerReqHand - _cleanupWindowlessSessions - Asynchronous Sessions clean-up phase starting NOW
[INFO  - 2018-05-04T10:24:51.155Z] SessionManagerReqHand - _cleanupWindowlessSessions - Asynchronous Sessions clean-up phase starting NOW
[INFO  - 2018-05-04T10:29:51.156Z] SessionManagerReqHand - _cleanupWindowlessSessions - Asynchronous Sessions clean-up phase starting NOW
[INFO  - 2018-05-04T10:34:51.157Z] SessionManagerReqHand - _cleanupWindowlessSessions - Asynchronous Sessions clean-up phase starting NOW
[INFO  - 2018-05-04T10:39:51.157Z] SessionManagerReqHand - _cleanupWindowlessSessions - Asynchronous Sessions clean-up phase starting NOW
nd - _cleanupWindowlessSessions - Asynchronous Sessions clean-up phase starting NOW
[INFO  - 2018-05-04T10:00:23.515Z] SessionManagerReqHand - _cleanupWindowlessSessions - Asynchronous Sessions clean-up phase starting NOW
[INFO  - 2018-05-04T10:05:23.514Z] SessionManagerReqHand - _cleanupWindowlessSessions - Asynchronous Sessions clean-up phase starting NOW
[INFO  - 2018-05-04T10:10:23.517Z] SessionManagerReqHand - _cleanupWindowlessSessions - Asynchronous Sessions clean-up phase starting NOW
[INFO  - 2018-05-04T10:15:23.516Z] SessionManagerReqHand - _cleanupWindowlessSessions - Asynchronous Sessions clean-up phase starting NOW
[INFO  - 2018-05-04T10:20:23.516Z] SessionManagerReqHand - _cleanupWindowlessSessions - Asynchronous Sessions clean-up phase starting NOW
[INFO  - 2018-05-04T10:25:23.516Z] SessionManagerReqHand - _cleanupWindowlessSessions - Asynchronous Sessions clean-up phase starting NOW
[INFO  - 2018-05-04T10:30:23.516Z] SessionManagerReqHand - _cleanupWindowlessSessions - Asynchronous Sessions clean-up phase starting NOW
[INFO  - 2018-05-04T10:35:23.517Z] SessionManagerReqHand - _cleanupWindowlessSessions - Asynchronous Sessions clean-up phase starting NOW
[INFO  - 2018-05-04T10:40:23.517Z] SessionManagerReqHand - _cleanupWindowlessSessions - Asynchronous Sessions clean-up phase starting NOW
and - _cleanupWindowlessSessions - Asynchronous Sessions clean-up phase starting NOW
[INFO  - 2018-05-04T10:02:33.309Z] SessionManagerReqHand - _cleanupWindowlessSessions - Asynchronous Sessions clean-up phase starting NOW
[INFO  - 2018-05-04T10:07:33.309Z] SessionManagerReqHand - _cleanupWindowlessSessions - Asynchronous Sessions clean-up phase starting NOW
[INFO  - 2018-05-04T10:12:33.310Z] SessionManagerReqHand - _cleanupWindowlessSessions - Asynchronous Sessions clean-up phase starting NOW
[INFO  - 2018-05-04T10:17:33.310Z] SessionManagerReqHand - _cleanupWindowlessSessions - Asynchronous Sessions clean-up phase starting NOW
[INFO  - 2018-05-04T10:22:33.310Z] SessionManagerReqHand - _cleanupWindowlessSessions - Asynchronous Sessions clean-up phase starting NOW
[INFO  - 2018-05-04T10:27:33.311Z] SessionManagerReqHand - _cleanupWindowlessSessions - Asynchronous Sessions clean-up phase starting NOW
[INFO  - 2018-05-04T10:32:33.311Z] SessionManagerReqHand - _cleanupWindowlessSessions - Asynchronous Sessions clean-up phase starting NOW
[INFO  - 2018-05-04T10:37:33.312Z] SessionManagerReqHand - _cleanupWindowlessSessions - Asynchronous Sessions clean-up phase starting NOW
and - _cleanupWindowlessSessions - Asynchronous Sessions clean-up phase starting NOW
[INFO  - 2018-05-04T09:59:23.183Z] SessionManagerReqHand - _cleanupWindowlessSessions - Asynchronous Sessions clean-up phase starting NOW
[INFO  - 2018-05-04T10:04:23.184Z] SessionManagerReqHand - _cleanupWindowlessSessions - Asynchronous Sessions clean-up phase starting NOW
[INFO  - 2018-05-04T10:09:23.187Z] SessionManagerReqHand - _cleanupWindowlessSessions - Asynchronous Sessions clean-up phase starting NOW
[INFO  - 2018-05-04T10:14:23.185Z] SessionManagerReqHand - _cleanupWindowlessSessions - Asynchronous Sessions clean-up phase starting NOW
[INFO  - 2018-05-04T10:19:23.186Z] SessionManagerReqHand - _cleanupWindowlessSessions - Asynchronous Sessions clean-up phase starting NOW
[INFO  - 2018-05-04T10:24:23.185Z] SessionManagerReqHand - _cleanupWindowlessSessions - Asynchronous Sessions clean-up phase starting NOW
[INFO  - 2018-05-04T10:29:23.186Z] SessionManagerReqHand - _cleanupWindowlessSessions - Asynchronous Sessions clean-up phase starting NOW
[INFO  - 2018-05-04T10:34:23.185Z] SessionManagerReqHand - _cleanupWindowlessSessions - Asynchronous Sessions clean-up phase starting NOW
[INFO  - 2018-05-04T10:39:23.186Z] SessionManagerReqHand - _cleanupWindowlessSessions - Asynchronous Sessions clean-up phase starting NOW
[INFO  - 2018-05-07T01:54:26.942Z] GhostDriver - Main - running on port 35413
[INFO  - 2018-05-07T01:54:28.226Z] Session [938df3c0-5199-11e8-9e6d-af0be2f4528b] - page.settings - {"XSSAuditingEnabled":false,"javascriptCanCloseWindows":true,"javascriptCanOpenWindows":true,"javascriptEnabled":true,"loadImages":true,"localToRemoteUrlAccessEnabled":false,"userAgent":"Mozilla/5.0 (Windows NT 6.2; WOW64) AppleWebKit/538.1 (KHTML, like Gecko) PhantomJS/2.1.1 Safari/538.1","webSecurityEnabled":true}
[INFO  - 2018-05-07T01:54:28.226Z] Session [938df3c0-5199-11e8-9e6d-af0be2f4528b] - page.customHeaders:  - {}
[INFO  - 2018-05-07T01:54:28.226Z] Session [938df3c0-5199-11e8-9e6d-af0be2f4528b] - Session.negotiatedCapabilities - {"browserName":"phantomjs","version":"2.1.1","driverName":"ghostdriver","driverVersion":"1.2.0","platform":"windows-10-32bit","javascriptEnabled":true,"takesScreenshot":true,"handlesAlerts":false,"databaseEnabled":false,"locationContextEnabled":false,"applicationCacheEnabled":false,"browserConnectionEnabled":false,"cssSelectorsEnabled":true,"webStorageEnabled":false,"rotatable":false,"acceptSslCerts":false,"nativeEvents":true,"proxy":{"proxyType":"direct"}}
[INFO  - 2018-05-07T01:54:28.227Z] SessionManagerReqHand - _postNewSessionCommand - New Session Created: 938df3c0-5199-11e8-9e6d-af0be2f4528b
[INFO  - 2018-05-07T01:54:53.493Z] ShutdownReqHand - _handle - About to shutdown
[INFO  - 2018-05-07T02:04:20.971Z] GhostDriver - Main - running on port 30936
[INFO  - 2018-05-07T02:04:21.522Z] Session [f52fe3d0-519a-11e8-810a-539db765a656] - page.settings - {"XSSAuditingEnabled":false,"javascriptCanCloseWindows":true,"javascriptCanOpenWindows":true,"javascriptEnabled":true,"loadImages":true,"localToRemoteUrlAccessEnabled":false,"userAgent":"Mozilla/5.0 (Windows NT 6.2; WOW64) AppleWebKit/538.1 (KHTML, like Gecko) PhantomJS/2.1.1 Safari/538.1","webSecurityEnabled":true}
[INFO  - 2018-05-07T02:04:21.522Z] Session [f52fe3d0-519a-11e8-810a-539db765a656] - page.customHeaders:  - {}
[INFO  - 2018-05-07T02:04:21.522Z] Session [f52fe3d0-519a-11e8-810a-539db765a656] - Session.negotiatedCapabilities - {"browserName":"phantomjs","version":"2.1.1","driverName":"ghostdriver","driverVersion":"1.2.0","platform":"windows-10-32bit","javascriptEnabled":true,"takesScreenshot":true,"handlesAlerts":false,"databaseEnabled":false,"locationContextEnabled":false,"applicationCacheEnabled":false,"browserConnectionEnabled":false,"cssSelectorsEnabled":true,"webStorageEnabled":false,"rotatable":false,"acceptSslCerts":false,"nativeEvents":true,"proxy":{"proxyType":"direct"}}
[INFO  - 2018-05-07T02:04:21.523Z] SessionManagerReqHand - _postNewSessionCommand - New Session Created: f52fe3d0-519a-11e8-810a-539db765a656
[INFO  - 2018-05-07T02:04:46.539Z] ShutdownReqHand - _handle - About to shutdown
[INFO  - 2018-05-07T02:14:03.615Z] GhostDriver - Main - running on port 45629
[INFO  - 2018-05-07T02:14:04.149Z] Session [50758ff0-519c-11e8-a7ec-bf806776fb6d] - page.settings - {"XSSAuditingEnabled":false,"javascriptCanCloseWindows":true,"javascriptCanOpenWindows":true,"javascriptEnabled":true,"loadImages":true,"localToRemoteUrlAccessEnabled":false,"userAgent":"Mozilla/5.0 (Windows NT 6.2; WOW64) AppleWebKit/538.1 (KHTML, like Gecko) PhantomJS/2.1.1 Safari/538.1","webSecurityEnabled":true}
[INFO  - 2018-05-07T02:14:04.149Z] Session [50758ff0-519c-11e8-a7ec-bf806776fb6d] - page.customHeaders:  - {}
[INFO  - 2018-05-07T02:14:04.149Z] Session [50758ff0-519c-11e8-a7ec-bf806776fb6d] - Session.negotiatedCapabilities - {"browserName":"phantomjs","version":"2.1.1","driverName":"ghostdriver","driverVersion":"1.2.0","platform":"windows-10-32bit","javascriptEnabled":true,"takesScreenshot":true,"handlesAlerts":false,"databaseEnabled":false,"locationContextEnabled":false,"applicationCacheEnabled":false,"browserConnectionEnabled":false,"cssSelectorsEnabled":true,"webStorageEnabled":false,"rotatable":false,"acceptSslCerts":false,"nativeEvents":true,"proxy":{"proxyType":"direct"}}
[INFO  - 2018-05-07T02:14:04.149Z] SessionManagerReqHand - _postNewSessionCommand - New Session Created: 50758ff0-519c-11e8-a7ec-bf806776fb6d
[INFO  - 2018-05-07T02:14:29.683Z] ShutdownReqHand - _handle - About to shutdown
[INFO  - 2018-05-07T03:01:25.147Z] GhostDriver - Main - running on port 34888
[INFO  - 2018-05-07T03:01:25.630Z] Session [ee1d4e90-51a2-11e8-99a5-291bce9d4c64] - page.settings - {"XSSAuditingEnabled":false,"javascriptCanCloseWindows":true,"javascriptCanOpenWindows":true,"javascriptEnabled":true,"loadImages":true,"localToRemoteUrlAccessEnabled":false,"userAgent":"Mozilla/5.0 (Windows NT 6.2; WOW64) AppleWebKit/538.1 (KHTML, like Gecko) PhantomJS/2.1.1 Safari/538.1","webSecurityEnabled":true}
[INFO  - 2018-05-07T03:01:25.630Z] Session [ee1d4e90-51a2-11e8-99a5-291bce9d4c64] - page.customHeaders:  - {}
[INFO  - 2018-05-07T03:01:25.630Z] Session [ee1d4e90-51a2-11e8-99a5-291bce9d4c64] - Session.negotiatedCapabilities - {"browserName":"phantomjs","version":"2.1.1","driverName":"ghostdriver","driverVersion":"1.2.0","platform":"windows-10-32bit","javascriptEnabled":true,"takesScreenshot":true,"handlesAlerts":false,"databaseEnabled":false,"locationContextEnabled":false,"applicationCacheEnabled":false,"browserConnectionEnabled":false,"cssSelectorsEnabled":true,"webStorageEnabled":false,"rotatable":false,"acceptSslCerts":false,"nativeEvents":true,"proxy":{"proxyType":"direct"}}
[INFO  - 2018-05-07T03:01:25.631Z] SessionManagerReqHand - _postNewSessionCommand - New Session Created: ee1d4e90-51a2-11e8-99a5-291bce9d4c64
[INFO  - 2018-05-07T03:01:50.996Z] ShutdownReqHand - _handle - About to shutdown
[INFO  - 2018-05-07T03:11:23.652Z] GhostDriver - Main - running on port 1591
[INFO  - 2018-05-07T03:11:24.205Z] Session [52e44c60-51a4-11e8-85a7-235276c80650] - page.settings - {"XSSAuditingEnabled":false,"javascriptCanCloseWindows":true,"javascriptCanOpenWindows":true,"javascriptEnabled":true,"loadImages":true,"localToRemoteUrlAccessEnabled":false,"userAgent":"Mozilla/5.0 (Windows NT 6.2; WOW64) AppleWebKit/538.1 (KHTML, like Gecko) PhantomJS/2.1.1 Safari/538.1","webSecurityEnabled":true}
[INFO  - 2018-05-07T03:11:24.206Z] Session [52e44c60-51a4-11e8-85a7-235276c80650] - page.customHeaders:  - {}
[INFO  - 2018-05-07T03:11:24.206Z] Session [52e44c60-51a4-11e8-85a7-235276c80650] - Session.negotiatedCapabilities - {"browserName":"phantomjs","version":"2.1.1","driverName":"ghostdriver","driverVersion":"1.2.0","platform":"windows-10-32bit","javascriptEnabled":true,"takesScreenshot":true,"handlesAlerts":false,"databaseEnabled":false,"locationContextEnabled":false,"applicationCacheEnabled":false,"browserConnectionEnabled":false,"cssSelectorsEnabled":true,"webStorageEnabled":false,"rotatable":false,"acceptSslCerts":false,"nativeEvents":true,"proxy":{"proxyType":"direct"}}
[INFO  - 2018-05-07T03:11:24.206Z] SessionManagerReqHand - _postNewSessionCommand - New Session Created: 52e44c60-51a4-11e8-85a7-235276c80650
[INFO  - 2018-05-07T03:11:49.695Z] ShutdownReqHand - _handle - About to shutdown
[INFO  - 2018-05-07T03:45:35.588Z] GhostDriver - Main - running on port 4706
[INFO  - 2018-05-07T03:45:36.108Z] Session [19ec0060-51a9-11e8-b2ca-89438f53b820] - page.settings - {"XSSAuditingEnabled":false,"javascriptCanCloseWindows":true,"javascriptCanOpenWindows":true,"javascriptEnabled":true,"loadImages":true,"localToRemoteUrlAccessEnabled":false,"userAgent":"Mozilla/5.0 (Windows NT 6.2; WOW64) AppleWebKit/538.1 (KHTML, like Gecko) PhantomJS/2.1.1 Safari/538.1","webSecurityEnabled":true}
[INFO  - 2018-05-07T03:45:36.108Z] Session [19ec0060-51a9-11e8-b2ca-89438f53b820] - page.customHeaders:  - {}
[INFO  - 2018-05-07T03:45:36.108Z] Session [19ec0060-51a9-11e8-b2ca-89438f53b820] - Session.negotiatedCapabilities - {"browserName":"phantomjs","version":"2.1.1","driverName":"ghostdriver","driverVersion":"1.2.0","platform":"windows-10-32bit","javascriptEnabled":true,"takesScreenshot":true,"handlesAlerts":false,"databaseEnabled":false,"locationContextEnabled":false,"applicationCacheEnabled":false,"browserConnectionEnabled":false,"cssSelectorsEnabled":true,"webStorageEnabled":false,"rotatable":false,"acceptSslCerts":false,"nativeEvents":true,"proxy":{"proxyType":"direct"}}
[INFO  - 2018-05-07T03:45:36.109Z] SessionManagerReqHand - _postNewSessionCommand - New Session Created: 19ec0060-51a9-11e8-b2ca-89438f53b820
[INFO  - 2018-05-07T03:46:01.588Z] ShutdownReqHand - _handle - About to shutdown
[INFO  - 2018-05-07T03:54:41.700Z] GhostDriver - Main - running on port 6083
[INFO  - 2018-05-07T03:54:42.259Z] Session [5f73e0c0-51aa-11e8-8d37-4b08381b7d08] - page.settings - {"XSSAuditingEnabled":false,"javascriptCanCloseWindows":true,"javascriptCanOpenWindows":true,"javascriptEnabled":true,"loadImages":true,"localToRemoteUrlAccessEnabled":false,"userAgent":"Mozilla/5.0 (Windows NT 6.2; WOW64) AppleWebKit/538.1 (KHTML, like Gecko) PhantomJS/2.1.1 Safari/538.1","webSecurityEnabled":true}
[INFO  - 2018-05-07T03:54:42.259Z] Session [5f73e0c0-51aa-11e8-8d37-4b08381b7d08] - page.customHeaders:  - {}
[INFO  - 2018-05-07T03:54:42.259Z] Session [5f73e0c0-51aa-11e8-8d37-4b08381b7d08] - Session.negotiatedCapabilities - {"browserName":"phantomjs","version":"2.1.1","driverName":"ghostdriver","driverVersion":"1.2.0","platform":"windows-10-32bit","javascriptEnabled":true,"takesScreenshot":true,"handlesAlerts":false,"databaseEnabled":false,"locationContextEnabled":false,"applicationCacheEnabled":false,"browserConnectionEnabled":false,"cssSelectorsEnabled":true,"webStorageEnabled":false,"rotatable":false,"acceptSslCerts":false,"nativeEvents":true,"proxy":{"proxyType":"direct"}}
[INFO  - 2018-05-07T03:54:42.259Z] SessionManagerReqHand - _postNewSessionCommand - New Session Created: 5f73e0c0-51aa-11e8-8d37-4b08381b7d08
[INFO  - 2018-05-07T03:55:08.600Z] ShutdownReqHand - _handle - About to shutdown
